This file contains any messages produced by compilers while
running configure, to aid debugging if configure makes a mistake.

It was created by ViennaRNA configure 2.5.1, which was
generated by GNU Autoconf 2.71.  Invocation command line was

  $ ./configure --disable-perl

## --------- ##
## Platform. ##
## --------- ##

hostname = Ordinateur-portable-de-Wissam.local
uname -m = arm64
uname -r = 24.0.0
uname -s = Darwin
uname -v = Darwin Kernel Version 24.0.0: Tue Sep 24 23:37:13 PDT 2024; root:xnu-11215.1.12~1/RELEASE_ARM64_T8112

/usr/bin/uname -p = arm
/bin/uname -X     = unknown

/bin/arch              = unknown
/usr/bin/arch -k       = unknown
/usr/convex/getsysinfo = unknown
/usr/bin/hostinfo      = Mach kernel version:
	 Darwin Kernel Version 24.0.0: Tue Sep 24 23:37:13 PDT 2024; root:xnu-11215.1.12~1/RELEASE_ARM64_T8112
Kernel configured for up to 8 processors.
8 processors are physically available.
8 processors are logically available.
Processor type: arm64e (ARM64E)
Processors active: 0 1 2 3 4 5 6 7
Primary memory available: 24.00 gigabytes
Default processor set: 635 tasks, 3431 threads, 8 processors
Load average: 2.00, Mach factor: 5.98
/bin/machine           = unknown
/usr/bin/oslevel       = unknown
/bin/universe          = unknown

PATH: /opt/anaconda3/envs/gernabind/bin/
PATH: /opt/anaconda3/condabin/
PATH: /Library/Frameworks/Python.framework/Versions/3.11/bin/
PATH: /Library/Frameworks/Python.framework/Versions/3.13/bin/
PATH: /opt/homebrew/bin/
PATH: /opt/homebrew/sbin/
PATH: /usr/local/bin/
PATH: /System/Cryptexes/App/usr/bin/
PATH: /usr/bin/
PATH: /bin/
PATH: /usr/sbin/
PATH: /sbin/
PATH: /var/run/com.apple.security.cryptexd/codex.system/bootstrap/usr/local/bin/
PATH: /var/run/com.apple.security.cryptexd/codex.system/bootstrap/usr/bin/
PATH: /var/run/com.apple.security.cryptexd/codex.system/bootstrap/usr/appleinternal/bin/
PATH: /Library/TeX/texbin/


## ----------- ##
## Core tests. ##
## ----------- ##

configure:3341: looking for aux files: tap-driver.sh ltmain.sh ar-lib config.guess config.sub missing install-sh compile
configure:3354:  trying ./config/
configure:3383:   ./config/tap-driver.sh found
configure:3383:   ./config/ltmain.sh found
configure:3383:   ./config/ar-lib found
configure:3383:   ./config/config.guess found
configure:3383:   ./config/config.sub found
configure:3383:   ./config/missing found
configure:3365:   ./config/install-sh found
configure:3383:   ./config/compile found
configure:3568: checking for gcc
configure:3589: found /usr/bin/gcc
configure:3600: result: gcc
configure:3953: checking for C compiler version
configure:3962: gcc --version >&5
Apple clang version 16.0.0 (clang-1600.0.26.3)
Target: arm64-apple-darwin24.0.0
Thread model: posix
InstalledDir: /Library/Developer/CommandLineTools/usr/bin
configure:3973: $? = 0
configure:3962: gcc -v >&5
Apple clang version 16.0.0 (clang-1600.0.26.3)
Target: arm64-apple-darwin24.0.0
Thread model: posix
InstalledDir: /Library/Developer/CommandLineTools/usr/bin
configure:3973: $? = 0
configure:3962: gcc -V >&5
clang: error: argument to '-V' is missing (expected 1 value)
clang: error: no input files
configure:3973: $? = 1
configure:3962: gcc -qversion >&5
clang: error: unknown argument '-qversion'; did you mean '--version'?
clang: error: no input files
configure:3973: $? = 1
configure:3962: gcc -version >&5
clang: error: unknown argument '-version'; did you mean '--version'?
clang: error: no input files
configure:3973: $? = 1
configure:3993: checking whether the C compiler works
configure:4015: gcc    conftest.c  >&5
configure:4019: $? = 0
configure:4069: result: yes
configure:4072: checking for C compiler default output file name
configure:4074: result: a.out
configure:4080: checking for suffix of executables
configure:4087: gcc -o conftest    conftest.c  >&5
configure:4091: $? = 0
configure:4114: result: 
configure:4136: checking whether we are cross compiling
configure:4144: gcc -o conftest    conftest.c  >&5
configure:4148: $? = 0
configure:4155: ./conftest
configure:4159: $? = 0
configure:4174: result: no
configure:4179: checking for suffix of object files
configure:4202: gcc -c   conftest.c >&5
configure:4206: $? = 0
configure:4228: result: o
configure:4232: checking whether the compiler supports GNU C
configure:4252: gcc -c   conftest.c >&5
configure:4252: $? = 0
configure:4262: result: yes
configure:4273: checking whether gcc accepts -g
configure:4294: gcc -c -g  conftest.c >&5
configure:4294: $? = 0
configure:4338: result: yes
configure:4358: checking for gcc option to enable C11 features
configure:4373: gcc  -c -g -O2  conftest.c >&5
conftest.c:23:14: warning: a function definition without a prototype is deprecated in all versions of C and is not supported in C2x [-Wdeprecated-non-prototype]
   23 | static char *e (p, i)
      |              ^
1 warning generated.
configure:4373: $? = 0
configure:4391: result: none needed
configure:4507: checking whether gcc understands -c and -o together
configure:4530: gcc -c conftest.c -o conftest2.o
configure:4533: $? = 0
configure:4530: gcc -c conftest.c -o conftest2.o
configure:4533: $? = 0
configure:4545: result: yes
configure:4567: checking for stdio.h
configure:4567: gcc -c -g -O2  conftest.c >&5
configure:4567: $? = 0
configure:4567: result: yes
configure:4567: checking for stdlib.h
configure:4567: gcc -c -g -O2  conftest.c >&5
configure:4567: $? = 0
configure:4567: result: yes
configure:4567: checking for string.h
configure:4567: gcc -c -g -O2  conftest.c >&5
configure:4567: $? = 0
configure:4567: result: yes
configure:4567: checking for inttypes.h
configure:4567: gcc -c -g -O2  conftest.c >&5
configure:4567: $? = 0
configure:4567: result: yes
configure:4567: checking for stdint.h
configure:4567: gcc -c -g -O2  conftest.c >&5
configure:4567: $? = 0
configure:4567: result: yes
configure:4567: checking for strings.h
configure:4567: gcc -c -g -O2  conftest.c >&5
configure:4567: $? = 0
configure:4567: result: yes
configure:4567: checking for sys/stat.h
configure:4567: gcc -c -g -O2  conftest.c >&5
configure:4567: $? = 0
configure:4567: result: yes
configure:4567: checking for sys/types.h
configure:4567: gcc -c -g -O2  conftest.c >&5
configure:4567: $? = 0
configure:4567: result: yes
configure:4567: checking for unistd.h
configure:4567: gcc -c -g -O2  conftest.c >&5
configure:4567: $? = 0
configure:4567: result: yes
configure:4567: checking for wchar.h
configure:4567: gcc -c -g -O2  conftest.c >&5
configure:4567: $? = 0
configure:4567: result: yes
configure:4567: checking for minix/config.h
configure:4567: gcc -c -g -O2  conftest.c >&5
conftest.c:47:10: fatal error: 'minix/config.h' file not found
   47 | #include <minix/config.h>
      |          ^~~~~~~~~~~~~~~~
1 error generated.
configure:4567: $? = 1
configure: failed program was:
| /* confdefs.h */
| #define PACKAGE_NAME "ViennaRNA"
| #define PACKAGE_TARNAME "ViennaRNA"
| #define PACKAGE_VERSION "2.5.1"
| #define PACKAGE_STRING "ViennaRNA 2.5.1"
| #define PACKAGE_BUGREPORT "rna@tbi.univie.ac.at"
| #define PACKAGE_URL "https://www.tbi.univie.ac.at/RNA"
| #define HAVE_STDIO_H 1
| #define HAVE_STDLIB_H 1
| #define HAVE_STRING_H 1
| #define HAVE_INTTYPES_H 1
| #define HAVE_STDINT_H 1
| #define HAVE_STRINGS_H 1
| #define HAVE_SYS_STAT_H 1
| #define HAVE_SYS_TYPES_H 1
| #define HAVE_UNISTD_H 1
| #define HAVE_WCHAR_H 1
| /* end confdefs.h.  */
| #include <stddef.h>
| #ifdef HAVE_STDIO_H
| # include <stdio.h>
| #endif
| #ifdef HAVE_STDLIB_H
| # include <stdlib.h>
| #endif
| #ifdef HAVE_STRING_H
| # include <string.h>
| #endif
| #ifdef HAVE_INTTYPES_H
| # include <inttypes.h>
| #endif
| #ifdef HAVE_STDINT_H
| # include <stdint.h>
| #endif
| #ifdef HAVE_STRINGS_H
| # include <strings.h>
| #endif
| #ifdef HAVE_SYS_TYPES_H
| # include <sys/types.h>
| #endif
| #ifdef HAVE_SYS_STAT_H
| # include <sys/stat.h>
| #endif
| #ifdef HAVE_UNISTD_H
| # include <unistd.h>
| #endif
| #include <minix/config.h>
configure:4567: result: no
configure:4598: checking whether it is safe to define __EXTENSIONS__
configure:4617: gcc -c -g -O2  conftest.c >&5
configure:4617: $? = 0
configure:4625: result: yes
configure:4628: checking whether _XOPEN_SOURCE should be defined
configure:4650: gcc -c -g -O2  conftest.c >&5
configure:4650: $? = 0
configure:4677: result: no
configure:4747: checking whether make supports nested variables
configure:4765: result: yes
configure:4793: checking for a BSD-compatible install
configure:4866: result: /usr/bin/install -c
configure:4877: checking whether build environment is sane
configure:4932: result: yes
configure:5087: checking for a race-free mkdir -p
configure:5131: result: ./config/install-sh -c -d
configure:5138: checking for gawk
configure:5173: result: no
configure:5138: checking for mawk
configure:5173: result: no
configure:5138: checking for nawk
configure:5173: result: no
configure:5138: checking for awk
configure:5159: found /usr/bin/awk
configure:5170: result: awk
configure:5181: checking whether make sets $(MAKE)
configure:5204: result: yes
configure:5226: checking whether make supports the include directive
configure:5241: make -f confmf.GNU && cat confinc.out
this is the am__doit target
configure:5244: $? = 0
configure:5263: result: yes (GNU style)
configure:5360: checking whether UID '501' is supported by ustar format
configure:5363: result: yes
configure:5370: checking whether GID '20' is supported by ustar format
configure:5373: result: yes
configure:5381: checking how to create a ustar tar archive
configure:5392: tar --version
bsdtar 3.5.3 - libarchive 3.5.3 zlib/1.2.12 liblzma/5.4.3 bz2lib/1.0.8 
configure:5395: $? = 0
configure:5435: tardir=conftest.dir && eval tar --format=ustar -chf - "$tardir" >conftest.tar
configure:5438: $? = 0
configure:5442: tar -xf - <conftest.tar
configure:5445: $? = 0
configure:5447: cat conftest.dir/file
GrepMe
configure:5450: $? = 0
configure:5464: result: gnutar
configure:5473: checking dependency style of gcc
configure:5585: result: gcc3
configure:5661: checking if malloc debugging is wanted
configure:5680: result: no
configure:5695: checking build system type
configure:5710: result: aarch64-apple-darwin24.0.0
configure:5730: checking host system type
configure:5744: result: aarch64-apple-darwin24.0.0
configure:5834: checking for g++
configure:5855: found /usr/bin/g++
configure:5866: result: g++
configure:5893: checking for C++ compiler version
configure:5902: g++ --version >&5
Apple clang version 16.0.0 (clang-1600.0.26.3)
Target: arm64-apple-darwin24.0.0
Thread model: posix
InstalledDir: /Library/Developer/CommandLineTools/usr/bin
configure:5913: $? = 0
configure:5902: g++ -v >&5
Apple clang version 16.0.0 (clang-1600.0.26.3)
Target: arm64-apple-darwin24.0.0
Thread model: posix
InstalledDir: /Library/Developer/CommandLineTools/usr/bin
configure:5913: $? = 0
configure:5902: g++ -V >&5
clang++: error: argument to '-V' is missing (expected 1 value)
clang++: error: no input files
configure:5913: $? = 1
configure:5902: g++ -qversion >&5
clang++: error: unknown argument '-qversion'; did you mean '--version'?
clang++: error: no input files
configure:5913: $? = 1
configure:5917: checking whether the compiler supports GNU C++
configure:5937: g++ -c   conftest.cpp >&5
configure:5937: $? = 0
configure:5947: result: yes
configure:5958: checking whether g++ accepts -g
configure:5979: g++ -c -g  conftest.cpp >&5
configure:5979: $? = 0
configure:6023: result: yes
configure:6043: checking for g++ option to enable C++11 features
configure:6058: g++  -c -g -O2  conftest.cpp >&5
conftest.cpp:84:3: error: "Compiler does not advertise C++11 conformance"
   84 | # error "Compiler does not advertise C++11 conformance"
      |   ^
conftest.cpp:89:3: error: unknown type name 'constexpr'
   89 |   constexpr int get_val() { return 20; }
      |   ^
conftest.cpp:101:17: error: delegating constructors are permitted only in C++11
  101 |     delegate(): delegate(2354) {}
      |                 ^~~~~~~~
conftest.cpp:112:26: warning: 'override' keyword is a C++11 extension [-Wc++11-extensions]
  112 |     virtual int getval() override final { return this->n * 2; }
      |                          ^
conftest.cpp:112:35: warning: 'final' keyword is a C++11 extension [-Wc++11-extensions]
  112 |     virtual int getval() override final { return this->n * 2; }
      |                                   ^
conftest.cpp:119:16: warning: defaulted function definitions are a C++11 extension [-Wc++11-extensions]
  119 |     nocopy() = default;
      |                ^
conftest.cpp:120:29: warning: deleted function definitions are a C++11 extension [-Wc++11-extensions]
  120 |     nocopy(const nocopy&) = delete;
      |                             ^
conftest.cpp:121:41: warning: deleted function definitions are a C++11 extension [-Wc++11-extensions]
  121 |     nocopy & operator=(const nocopy&) = delete;
      |                                         ^
conftest.cpp:133:25: warning: 'auto' type specifier is a C++11 extension [-Wc++11-extensions]
  133 |   template <typename V> auto sum(V first) -> V
      |                         ^
conftest.cpp:133:25: error: 'auto' not allowed in function return type
  133 |   template <typename V> auto sum(V first) -> V
      |                         ^~~~
conftest.cpp:133:42: error: expected ';' at end of declaration
  133 |   template <typename V> auto sum(V first) -> V
      |                                          ^
      |                                          ;
conftest.cpp:133:43: error: cannot use arrow operator on a type
  133 |   template <typename V> auto sum(V first) -> V
      |                                           ^
conftest.cpp:137:33: warning: variadic templates are a C++11 extension [-Wc++11-extensions]
  137 |   template <typename V, typename... Args> auto sum(V first, Args... rest) -> V
      |                                 ^
conftest.cpp:137:43: warning: 'auto' type specifier is a C++11 extension [-Wc++11-extensions]
  137 |   template <typename V, typename... Args> auto sum(V first, Args... rest) -> V
      |                                           ^
conftest.cpp:137:43: error: 'auto' not allowed in function return type
  137 |   template <typename V, typename... Args> auto sum(V first, Args... rest) -> V
      |                                           ^~~~
conftest.cpp:137:74: error: expected ';' at end of declaration
  137 |   template <typename V, typename... Args> auto sum(V first, Args... rest) -> V
      |                                                                          ^
      |                                                                          ;
conftest.cpp:137:75: error: cannot use arrow operator on a type
  137 |   template <typename V, typename... Args> auto sum(V first, Args... rest) -> V
      |                                                                           ^
conftest.cpp:161:3: warning: 'auto' type specifier is a C++11 extension [-Wc++11-extensions]
  161 |   auto a1 = 6538;
      |   ^
conftest.cpp:162:3: warning: 'auto' type specifier is a C++11 extension [-Wc++11-extensions]
  162 |   auto a2 = 48573953.4;
      |   ^
conftest.cpp:163:3: warning: 'auto' type specifier is a C++11 extension [-Wc++11-extensions]
  163 |   auto a3 = "String literal";
      |   ^
conftest.cpp:166:8: warning: 'auto' type specifier is a C++11 extension [-Wc++11-extensions]
  166 |   for (auto i = a3; *i; ++i) { total += *i; }
      |        ^
conftest.cpp:182:8: warning: 'auto' type specifier is a C++11 extension [-Wc++11-extensions]
  182 |   for (auto &x : array) { x += 23; }
      |        ^
conftest.cpp:182:16: warning: range-based for loop is a C++11 extension [-Wc++11-extensions]
  182 |   for (auto &x : array) { x += 23; }
      |                ^
conftest.cpp:187:17: error: expected expression
  187 |   assert (eval ([](int x) { return x*2; }, 21) == 42);
      |                 ^
conftest.cpp:189:17: error: expected expression
  189 |   assert (eval ([&](double x) { return d += x; }, 3.0) == 5.0);
      |                 ^
conftest.cpp:191:17: error: expected expression
  191 |   assert (eval ([=](double x) mutable { return d += x; }, 4.0) == 9.0);
      |                 ^
conftest.cpp:197:3: warning: 'auto' type specifier is a C++11 extension [-Wc++11-extensions]
  197 |   auto a = sum(1);
      |   ^
conftest.cpp:197:12: error: no matching function for call to 'sum'
  197 |   auto a = sum(1);
      |            ^~~
conftest.cpp:198:3: warning: 'auto' type specifier is a C++11 extension [-Wc++11-extensions]
  198 |   auto b = sum(1, 2);
      |   ^
conftest.cpp:198:12: error: no matching function for call to 'sum'
  198 |   auto b = sum(1, 2);
      |            ^~~
conftest.cpp:199:3: warning: 'auto' type specifier is a C++11 extension [-Wc++11-extensions]
  199 |   auto c = sum(1.0, 2.0, 3.0);
      |   ^
conftest.cpp:199:12: error: no matching function for call to 'sum'
  199 |   auto c = sum(1.0, 2.0, 3.0);
      |            ^~~
conftest.cpp:204:25: warning: empty parentheses interpreted as a function declaration [-Wvexing-parse]
  204 |   cxx11test::delegate d2();
      |                         ^~
conftest.cpp:204:25: note: remove parentheses to declare a variable
  204 |   cxx11test::delegate d2();
      |                         ^~
conftest.cpp:217:16: error: found '<::' after a template name which forms the digraph '<:' (aka '[') and a ':', did you mean '< ::'?
  217 |   test_template<::test_template<int>> v(test_template<int>(12));
      |                ^~~
      |                < ::
conftest.cpp:217:36: error: a space is required between consecutive right angle brackets (use '> >')
  217 |   test_template<::test_template<int>> v(test_template<int>(12));
      |                                    ^~
      |                                    > >
conftest.cpp:221:22: error: use of undeclared identifier 'u8'
  221 |   char const *utf8 = u8"UTF-8 string \u2500";
      |                      ^
conftest.cpp:221:24: error: expected ';' at end of declaration
  221 |   char const *utf8 = u8"UTF-8 string \u2500";
      |                        ^
      |                        ;
fatal error: too many errors emitted, stopping now [-ferror-limit=]
18 warnings and 20 errors generated.
configure:6058: $? = 1
configure: failed program was:
| /* confdefs.h */
| #define PACKAGE_NAME "ViennaRNA"
| #define PACKAGE_TARNAME "ViennaRNA"
| #define PACKAGE_VERSION "2.5.1"
| #define PACKAGE_STRING "ViennaRNA 2.5.1"
| #define PACKAGE_BUGREPORT "rna@tbi.univie.ac.at"
| #define PACKAGE_URL "https://www.tbi.univie.ac.at/RNA"
| #define HAVE_STDIO_H 1
| #define HAVE_STDLIB_H 1
| #define HAVE_STRING_H 1
| #define HAVE_INTTYPES_H 1
| #define HAVE_STDINT_H 1
| #define HAVE_STRINGS_H 1
| #define HAVE_SYS_STAT_H 1
| #define HAVE_SYS_TYPES_H 1
| #define HAVE_UNISTD_H 1
| #define HAVE_WCHAR_H 1
| #define STDC_HEADERS 1
| #define _ALL_SOURCE 1
| #define _DARWIN_C_SOURCE 1
| #define _GNU_SOURCE 1
| #define _HPUX_ALT_XOPEN_SOCKET_API 1
| #define _NETBSD_SOURCE 1
| #define _OPENBSD_SOURCE 1
| #define _POSIX_PTHREAD_SEMANTICS 1
| #define __STDC_WANT_IEC_60559_ATTRIBS_EXT__ 1
| #define __STDC_WANT_IEC_60559_BFP_EXT__ 1
| #define __STDC_WANT_IEC_60559_DFP_EXT__ 1
| #define __STDC_WANT_IEC_60559_FUNCS_EXT__ 1
| #define __STDC_WANT_IEC_60559_TYPES_EXT__ 1
| #define __STDC_WANT_LIB_EXT2__ 1
| #define __STDC_WANT_MATH_SPEC_FUNCS__ 1
| #define _TANDEM_SOURCE 1
| #define __EXTENSIONS__ 1
| #define PACKAGE "ViennaRNA"
| #define VERSION "2.5.1"
| /* end confdefs.h.  */
| 
| // Does the compiler advertise C++98 conformance?
| #if !defined __cplusplus || __cplusplus < 199711L
| # error "Compiler does not advertise C++98 conformance"
| #endif
| 
| // These inclusions are to reject old compilers that
| // lack the unsuffixed header files.
| #include <cstdlib>
| #include <exception>
| 
| // <cassert> and <cstring> are *not* freestanding headers in C++98.
| extern void assert (int);
| namespace std {
|   extern int strcmp (const char *, const char *);
| }
| 
| // Namespaces, exceptions, and templates were all added after "C++ 2.0".
| using std::exception;
| using std::strcmp;
| 
| namespace {
| 
| void test_exception_syntax()
| {
|   try {
|     throw "test";
|   } catch (const char *s) {
|     // Extra parentheses suppress a warning when building autoconf itself,
|     // due to lint rules shared with more typical C programs.
|     assert (!(strcmp) (s, "test"));
|   }
| }
| 
| template <typename T> struct test_template
| {
|   T const val;
|   explicit test_template(T t) : val(t) {}
|   template <typename U> T add(U u) { return static_cast<T>(u) + val; }
| };
| 
| } // anonymous namespace
| 
| 
| // Does the compiler advertise C++ 2011 conformance?
| #if !defined __cplusplus || __cplusplus < 201103L
| # error "Compiler does not advertise C++11 conformance"
| #endif
| 
| namespace cxx11test
| {
|   constexpr int get_val() { return 20; }
| 
|   struct testinit
|   {
|     int i;
|     double d;
|   };
| 
|   class delegate
|   {
|   public:
|     delegate(int n) : n(n) {}
|     delegate(): delegate(2354) {}
| 
|     virtual int getval() { return this->n; };
|   protected:
|     int n;
|   };
| 
|   class overridden : public delegate
|   {
|   public:
|     overridden(int n): delegate(n) {}
|     virtual int getval() override final { return this->n * 2; }
|   };
| 
|   class nocopy
|   {
|   public:
|     nocopy(int i): i(i) {}
|     nocopy() = default;
|     nocopy(const nocopy&) = delete;
|     nocopy & operator=(const nocopy&) = delete;
|   private:
|     int i;
|   };
| 
|   // for testing lambda expressions
|   template <typename Ret, typename Fn> Ret eval(Fn f, Ret v)
|   {
|     return f(v);
|   }
| 
|   // for testing variadic templates and trailing return types
|   template <typename V> auto sum(V first) -> V
|   {
|     return first;
|   }
|   template <typename V, typename... Args> auto sum(V first, Args... rest) -> V
|   {
|     return first + sum(rest...);
|   }
| }
| 
| 
| int
| main (int argc, char **argv)
| {
|   int ok = 0;
|   
|   assert (argc);
|   assert (! argv[0]);
| {
|   test_exception_syntax ();
|   test_template<double> tt (2.0);
|   assert (tt.add (4) == 6.0);
|   assert (true && !false);
| }
| 
|   
| {
|   // Test auto and decltype
|   auto a1 = 6538;
|   auto a2 = 48573953.4;
|   auto a3 = "String literal";
| 
|   int total = 0;
|   for (auto i = a3; *i; ++i) { total += *i; }
| 
|   decltype(a2) a4 = 34895.034;
| }
| {
|   // Test constexpr
|   short sa[cxx11test::get_val()] = { 0 };
| }
| {
|   // Test initializer lists
|   cxx11test::testinit il = { 4323, 435234.23544 };
| }
| {
|   // Test range-based for
|   int array[] = {9, 7, 13, 15, 4, 18, 12, 10, 5, 3,
|                  14, 19, 17, 8, 6, 20, 16, 2, 11, 1};
|   for (auto &x : array) { x += 23; }
| }
| {
|   // Test lambda expressions
|   using cxx11test::eval;
|   assert (eval ([](int x) { return x*2; }, 21) == 42);
|   double d = 2.0;
|   assert (eval ([&](double x) { return d += x; }, 3.0) == 5.0);
|   assert (d == 5.0);
|   assert (eval ([=](double x) mutable { return d += x; }, 4.0) == 9.0);
|   assert (d == 5.0);
| }
| {
|   // Test use of variadic templates
|   using cxx11test::sum;
|   auto a = sum(1);
|   auto b = sum(1, 2);
|   auto c = sum(1.0, 2.0, 3.0);
| }
| {
|   // Test constructor delegation
|   cxx11test::delegate d1;
|   cxx11test::delegate d2();
|   cxx11test::delegate d3(45);
| }
| {
|   // Test override and final
|   cxx11test::overridden o1(55464);
| }
| {
|   // Test nullptr
|   char *c = nullptr;
| }
| {
|   // Test template brackets
|   test_template<::test_template<int>> v(test_template<int>(12));
| }
| {
|   // Unicode literals
|   char const *utf8 = u8"UTF-8 string \u2500";
|   char16_t const *utf16 = u"UTF-8 string \u2500";
|   char32_t const *utf32 = U"UTF-32 string \u2500";
| }
| 
|   return ok;
| }
| 
configure:6076: result: none needed
configure:6142: checking dependency style of g++
configure:6254: result: gcc3
configure:6274: checking how to run the C++ preprocessor
configure:6296: g++ -E  conftest.cpp
configure:6296: $? = 0
configure:6311: g++ -E  conftest.cpp
conftest.cpp:38:10: fatal error: 'ac_nonexistent.h' file not found
   38 | #include <ac_nonexistent.h>
      |          ^~~~~~~~~~~~~~~~~~
1 error generated.
configure:6311: $? = 1
configure: failed program was:
| /* confdefs.h */
| #define PACKAGE_NAME "ViennaRNA"
| #define PACKAGE_TARNAME "ViennaRNA"
| #define PACKAGE_VERSION "2.5.1"
| #define PACKAGE_STRING "ViennaRNA 2.5.1"
| #define PACKAGE_BUGREPORT "rna@tbi.univie.ac.at"
| #define PACKAGE_URL "https://www.tbi.univie.ac.at/RNA"
| #define HAVE_STDIO_H 1
| #define HAVE_STDLIB_H 1
| #define HAVE_STRING_H 1
| #define HAVE_INTTYPES_H 1
| #define HAVE_STDINT_H 1
| #define HAVE_STRINGS_H 1
| #define HAVE_SYS_STAT_H 1
| #define HAVE_SYS_TYPES_H 1
| #define HAVE_UNISTD_H 1
| #define HAVE_WCHAR_H 1
| #define STDC_HEADERS 1
| #define _ALL_SOURCE 1
| #define _DARWIN_C_SOURCE 1
| #define _GNU_SOURCE 1
| #define _HPUX_ALT_XOPEN_SOCKET_API 1
| #define _NETBSD_SOURCE 1
| #define _OPENBSD_SOURCE 1
| #define _POSIX_PTHREAD_SEMANTICS 1
| #define __STDC_WANT_IEC_60559_ATTRIBS_EXT__ 1
| #define __STDC_WANT_IEC_60559_BFP_EXT__ 1
| #define __STDC_WANT_IEC_60559_DFP_EXT__ 1
| #define __STDC_WANT_IEC_60559_FUNCS_EXT__ 1
| #define __STDC_WANT_IEC_60559_TYPES_EXT__ 1
| #define __STDC_WANT_LIB_EXT2__ 1
| #define __STDC_WANT_MATH_SPEC_FUNCS__ 1
| #define _TANDEM_SOURCE 1
| #define __EXTENSIONS__ 1
| #define PACKAGE "ViennaRNA"
| #define VERSION "2.5.1"
| /* end confdefs.h.  */
| #include <ac_nonexistent.h>
configure:6338: result: g++ -E
configure:6352: g++ -E  conftest.cpp
configure:6352: $? = 0
configure:6367: g++ -E  conftest.cpp
conftest.cpp:38:10: fatal error: 'ac_nonexistent.h' file not found
   38 | #include <ac_nonexistent.h>
      |          ^~~~~~~~~~~~~~~~~~
1 error generated.
configure:6367: $? = 1
configure: failed program was:
| /* confdefs.h */
| #define PACKAGE_NAME "ViennaRNA"
| #define PACKAGE_TARNAME "ViennaRNA"
| #define PACKAGE_VERSION "2.5.1"
| #define PACKAGE_STRING "ViennaRNA 2.5.1"
| #define PACKAGE_BUGREPORT "rna@tbi.univie.ac.at"
| #define PACKAGE_URL "https://www.tbi.univie.ac.at/RNA"
| #define HAVE_STDIO_H 1
| #define HAVE_STDLIB_H 1
| #define HAVE_STRING_H 1
| #define HAVE_INTTYPES_H 1
| #define HAVE_STDINT_H 1
| #define HAVE_STRINGS_H 1
| #define HAVE_SYS_STAT_H 1
| #define HAVE_SYS_TYPES_H 1
| #define HAVE_UNISTD_H 1
| #define HAVE_WCHAR_H 1
| #define STDC_HEADERS 1
| #define _ALL_SOURCE 1
| #define _DARWIN_C_SOURCE 1
| #define _GNU_SOURCE 1
| #define _HPUX_ALT_XOPEN_SOCKET_API 1
| #define _NETBSD_SOURCE 1
| #define _OPENBSD_SOURCE 1
| #define _POSIX_PTHREAD_SEMANTICS 1
| #define __STDC_WANT_IEC_60559_ATTRIBS_EXT__ 1
| #define __STDC_WANT_IEC_60559_BFP_EXT__ 1
| #define __STDC_WANT_IEC_60559_DFP_EXT__ 1
| #define __STDC_WANT_IEC_60559_FUNCS_EXT__ 1
| #define __STDC_WANT_IEC_60559_TYPES_EXT__ 1
| #define __STDC_WANT_LIB_EXT2__ 1
| #define __STDC_WANT_MATH_SPEC_FUNCS__ 1
| #define _TANDEM_SOURCE 1
| #define __EXTENSIONS__ 1
| #define PACKAGE "ViennaRNA"
| #define VERSION "2.5.1"
| /* end confdefs.h.  */
| #include <ac_nonexistent.h>
configure:6450: checking for gcc
configure:6482: result: gcc
configure:6835: checking for C compiler version
configure:6844: gcc --version >&5
Apple clang version 16.0.0 (clang-1600.0.26.3)
Target: arm64-apple-darwin24.0.0
Thread model: posix
InstalledDir: /Library/Developer/CommandLineTools/usr/bin
configure:6855: $? = 0
configure:6844: gcc -v >&5
Apple clang version 16.0.0 (clang-1600.0.26.3)
Target: arm64-apple-darwin24.0.0
Thread model: posix
InstalledDir: /Library/Developer/CommandLineTools/usr/bin
configure:6855: $? = 0
configure:6844: gcc -V >&5
clang: error: argument to '-V' is missing (expected 1 value)
clang: error: no input files
configure:6855: $? = 1
configure:6844: gcc -qversion >&5
clang: error: unknown argument '-qversion'; did you mean '--version'?
clang: error: no input files
configure:6855: $? = 1
configure:6844: gcc -version >&5
clang: error: unknown argument '-version'; did you mean '--version'?
clang: error: no input files
configure:6855: $? = 1
configure:6859: checking whether the compiler supports GNU C
configure:6889: result: yes
configure:6900: checking whether gcc accepts -g
configure:6965: result: yes
configure:6985: checking for gcc option to enable C11 features
configure:7018: result: none needed
configure:7134: checking whether gcc understands -c and -o together
configure:7172: result: yes
configure:7194: checking how to run the C preprocessor
configure:7220: gcc -E  conftest.c
configure:7220: $? = 0
configure:7235: gcc -E  conftest.c
conftest.c:38:10: fatal error: 'ac_nonexistent.h' file not found
   38 | #include <ac_nonexistent.h>
      |          ^~~~~~~~~~~~~~~~~~
1 error generated.
configure:7235: $? = 1
configure: failed program was:
| /* confdefs.h */
| #define PACKAGE_NAME "ViennaRNA"
| #define PACKAGE_TARNAME "ViennaRNA"
| #define PACKAGE_VERSION "2.5.1"
| #define PACKAGE_STRING "ViennaRNA 2.5.1"
| #define PACKAGE_BUGREPORT "rna@tbi.univie.ac.at"
| #define PACKAGE_URL "https://www.tbi.univie.ac.at/RNA"
| #define HAVE_STDIO_H 1
| #define HAVE_STDLIB_H 1
| #define HAVE_STRING_H 1
| #define HAVE_INTTYPES_H 1
| #define HAVE_STDINT_H 1
| #define HAVE_STRINGS_H 1
| #define HAVE_SYS_STAT_H 1
| #define HAVE_SYS_TYPES_H 1
| #define HAVE_UNISTD_H 1
| #define HAVE_WCHAR_H 1
| #define STDC_HEADERS 1
| #define _ALL_SOURCE 1
| #define _DARWIN_C_SOURCE 1
| #define _GNU_SOURCE 1
| #define _HPUX_ALT_XOPEN_SOCKET_API 1
| #define _NETBSD_SOURCE 1
| #define _OPENBSD_SOURCE 1
| #define _POSIX_PTHREAD_SEMANTICS 1
| #define __STDC_WANT_IEC_60559_ATTRIBS_EXT__ 1
| #define __STDC_WANT_IEC_60559_BFP_EXT__ 1
| #define __STDC_WANT_IEC_60559_DFP_EXT__ 1
| #define __STDC_WANT_IEC_60559_FUNCS_EXT__ 1
| #define __STDC_WANT_IEC_60559_TYPES_EXT__ 1
| #define __STDC_WANT_LIB_EXT2__ 1
| #define __STDC_WANT_MATH_SPEC_FUNCS__ 1
| #define _TANDEM_SOURCE 1
| #define __EXTENSIONS__ 1
| #define PACKAGE "ViennaRNA"
| #define VERSION "2.5.1"
| /* end confdefs.h.  */
| #include <ac_nonexistent.h>
configure:7262: result: gcc -E
configure:7276: gcc -E  conftest.c
configure:7276: $? = 0
configure:7291: gcc -E  conftest.c
conftest.c:38:10: fatal error: 'ac_nonexistent.h' file not found
   38 | #include <ac_nonexistent.h>
      |          ^~~~~~~~~~~~~~~~~~
1 error generated.
configure:7291: $? = 1
configure: failed program was:
| /* confdefs.h */
| #define PACKAGE_NAME "ViennaRNA"
| #define PACKAGE_TARNAME "ViennaRNA"
| #define PACKAGE_VERSION "2.5.1"
| #define PACKAGE_STRING "ViennaRNA 2.5.1"
| #define PACKAGE_BUGREPORT "rna@tbi.univie.ac.at"
| #define PACKAGE_URL "https://www.tbi.univie.ac.at/RNA"
| #define HAVE_STDIO_H 1
| #define HAVE_STDLIB_H 1
| #define HAVE_STRING_H 1
| #define HAVE_INTTYPES_H 1
| #define HAVE_STDINT_H 1
| #define HAVE_STRINGS_H 1
| #define HAVE_SYS_STAT_H 1
| #define HAVE_SYS_TYPES_H 1
| #define HAVE_UNISTD_H 1
| #define HAVE_WCHAR_H 1
| #define STDC_HEADERS 1
| #define _ALL_SOURCE 1
| #define _DARWIN_C_SOURCE 1
| #define _GNU_SOURCE 1
| #define _HPUX_ALT_XOPEN_SOCKET_API 1
| #define _NETBSD_SOURCE 1
| #define _OPENBSD_SOURCE 1
| #define _POSIX_PTHREAD_SEMANTICS 1
| #define __STDC_WANT_IEC_60559_ATTRIBS_EXT__ 1
| #define __STDC_WANT_IEC_60559_BFP_EXT__ 1
| #define __STDC_WANT_IEC_60559_DFP_EXT__ 1
| #define __STDC_WANT_IEC_60559_FUNCS_EXT__ 1
| #define __STDC_WANT_IEC_60559_TYPES_EXT__ 1
| #define __STDC_WANT_LIB_EXT2__ 1
| #define __STDC_WANT_MATH_SPEC_FUNCS__ 1
| #define _TANDEM_SOURCE 1
| #define __EXTENSIONS__ 1
| #define PACKAGE "ViennaRNA"
| #define VERSION "2.5.1"
| /* end confdefs.h.  */
| #include <ac_nonexistent.h>
configure:7389: checking for ar
configure:7410: found /usr/bin/ar
configure:7421: result: ar
configure:7447: checking the archiver (ar) interface
configure:7464: gcc -c -g -O2  conftest.c >&5
configure:7464: $? = 0
configure:7467: ar cru libconftest.a conftest.o >&5
configure:7470: $? = 0
configure:7498: result: ar
configure:7518: checking whether make sets $(MAKE)
configure:7541: result: yes
configure:7550: checking for grep that handles long lines and -e
configure:7614: result: /usr/bin/grep
configure:7621: checking for a sed that does not truncate output
configure:7691: result: /usr/bin/sed
configure:7700: checking for gawk
configure:7732: result: awk
configure:7743: checking whether ln -s works
configure:7747: result: yes
configure:7802: checking how to print strings
configure:7829: result: printf
configure:7850: checking for a sed that does not truncate output
configure:7920: result: /usr/bin/sed
configure:7938: checking for egrep
configure:8006: result: /usr/bin/grep -E
configure:8011: checking for fgrep
configure:8079: result: /usr/bin/grep -F
configure:8115: checking for ld used by gcc
configure:8183: result: /Library/Developer/CommandLineTools/usr/bin/ld
configure:8190: checking if the linker (/Library/Developer/CommandLineTools/usr/bin/ld) is GNU ld
configure:8206: result: no
configure:8218: checking for BSD- or MS-compatible name lister (nm)
configure:8273: result: /usr/bin/nm -B
configure:8413: checking the name lister (/usr/bin/nm -B) interface
configure:8421: gcc -c -g -O2  conftest.c >&5
configure:8424: /usr/bin/nm -B "conftest.o"
configure:8427: output
0000000000000268 S _some_variable
0000000000000000 t ltmp0
0000000000000268 s ltmp1
configure:8434: result: BSD nm
configure:8438: checking the maximum length of command line arguments
configure:8570: result: 786432
configure:8618: checking how to convert aarch64-apple-darwin24.0.0 file names to aarch64-apple-darwin24.0.0 format
configure:8659: result: func_convert_file_noop
configure:8666: checking how to convert aarch64-apple-darwin24.0.0 file names to toolchain format
configure:8687: result: func_convert_file_noop
configure:8694: checking for /Library/Developer/CommandLineTools/usr/bin/ld option to reload object files
configure:8702: result: -r
configure:8781: checking for file
configure:8802: found /usr/bin/file
configure:8813: result: file
configure:8889: checking for objdump
configure:8910: found /usr/bin/objdump
configure:8921: result: objdump
configure:8953: checking how to recognize dependent libraries
configure:9154: result: pass_all
configure:9244: checking for dlltool
configure:9279: result: no
configure:9309: checking how to associate runtime and link libraries
configure:9337: result: printf %s\n
configure:9487: checking for archiver @FILE support
configure:9505: gcc -c -g -O2  conftest.c >&5
configure:9505: $? = 0
configure:9509: ar cr libconftest.a @conftest.lst >&5
ar: @conftest.lst: No such file or directory
configure:9512: $? = 1
configure:9532: result: no
configure:9595: checking for strip
configure:9616: found /usr/bin/strip
configure:9627: result: strip
configure:9704: checking for ranlib
configure:9725: found /usr/bin/ranlib
configure:9736: result: ranlib
configure:9838: checking command to parse /usr/bin/nm -B output from gcc object
configure:9992: gcc -c -g -O2  conftest.c >&5
configure:9995: $? = 0
configure:9999: /usr/bin/nm -B conftest.o \| /usr/bin/sed -n -e 's/^.*[ ]\([ABCDGIRSTW][ABCDGIRSTW]*\)[ ][ ]*\([_A-Za-z][_A-Za-z0-9]*\)$/\1 \2 \2/p' | /usr/bin/sed '/ __gnu_lto/d' \> conftest.nm
configure:10002: $? = 0
cannot find nm_test_var in conftest.nm
configure:9992: gcc -c -g -O2  conftest.c >&5
configure:9995: $? = 0
configure:9999: /usr/bin/nm -B conftest.o \| /usr/bin/sed -n -e 's/^.*[ ]\([ABCDGIRSTW][ABCDGIRSTW]*\)[ ][ ]*_\([_A-Za-z][_A-Za-z0-9]*\)$/\1 _\2 \2/p' | /usr/bin/sed '/ __gnu_lto/d' \> conftest.nm
configure:10002: $? = 0
configure:10068: gcc -o conftest -g -O2   conftest.c conftstm.o >&5
configure:10071: $? = 0
configure:10109: result: ok
configure:10156: checking for sysroot
configure:10187: result: no
configure:10194: checking for a working dd
configure:10238: result: /bin/dd
configure:10242: checking how to truncate binary pipes
configure:10258: result: /bin/dd bs=4096 count=1
configure:10595: checking for mt
configure:10630: result: no
configure:10650: checking if : is a manifest tool
configure:10657: : '-?'
configure:10665: result: no
configure:10726: checking for dsymutil
configure:10747: found /usr/bin/dsymutil
configure:10758: result: dsymutil
configure:10828: checking for nmedit
configure:10849: found /usr/bin/nmedit
configure:10860: result: nmedit
configure:10930: checking for lipo
configure:10951: found /usr/bin/lipo
configure:10962: result: lipo
configure:11032: checking for otool
configure:11053: found /usr/bin/otool
configure:11064: result: otool
configure:11134: checking for otool64
configure:11169: result: no
configure:11214: checking for -single_module linker flag
gcc -g -O2  -o libconftest.dylib -dynamiclib -Wl,-single_module conftest.c
ld: warning: -single_module is obsolete
configure:11248: result: no
configure:11251: checking for -exported_symbols_list linker flag
configure:11272: gcc -o conftest -g -O2   -Wl,-exported_symbols_list,conftest.sym conftest.c  >&5
configure:11272: $? = 0
configure:11283: result: yes
configure:11286: checking for -force_load linker flag
gcc -g -O2 -c -o conftest.o conftest.c
ar cr libconftest.a conftest.o
ranlib libconftest.a
gcc -g -O2  -o conftest conftest.c -Wl,-force_load,./libconftest.a
configure:11319: result: yes
configure:11386: checking for dlfcn.h
configure:11386: gcc -c -g -O2  conftest.c >&5
configure:11386: $? = 0
configure:11386: result: yes
configure:11654: checking for objdir
configure:11670: result: .libs
configure:11934: checking if gcc supports -fno-rtti -fno-exceptions
configure:11953: gcc -c -g -O2  -fno-rtti -fno-exceptions conftest.c >&5
configure:11957: $? = 0
configure:11970: result: yes
configure:12328: checking for gcc option to produce PIC
configure:12336: result: -fno-common -DPIC
configure:12344: checking if gcc PIC flag -fno-common -DPIC works
configure:12363: gcc -c -g -O2  -fno-common -DPIC -DPIC conftest.c >&5
configure:12367: $? = 0
configure:12380: result: yes
configure:12409: checking if gcc static flag -static works
configure:12438: result: no
configure:12453: checking if gcc supports -c -o file.o
configure:12475: gcc -c -g -O2  -o out/conftest2.o conftest.c >&5
configure:12479: $? = 0
configure:12501: result: yes
configure:12509: checking if gcc supports -c -o file.o
configure:12557: result: yes
configure:12590: checking whether the gcc linker (/Library/Developer/CommandLineTools/usr/bin/ld) supports shared libraries
configure:13858: result: yes
configure:14099: checking dynamic linker characteristics
configure:14920: result: darwin24.0.0 dyld
configure:15042: checking how to hardcode library paths into programs
configure:15067: result: immediate
configure:15619: checking whether stripping libraries is possible
configure:15636: result: yes
configure:15670: checking if libtool supports shared libraries
configure:15672: result: yes
configure:15675: checking whether to build shared libraries
configure:15700: result: yes
configure:15703: checking whether to build static libraries
configure:15707: result: yes
configure:15730: checking how to run the C++ preprocessor
configure:15794: result: g++ -E
configure:15808: g++ -E  conftest.cpp
configure:15808: $? = 0
configure:15823: g++ -E  conftest.cpp
conftest.cpp:41:10: fatal error: 'ac_nonexistent.h' file not found
   41 | #include <ac_nonexistent.h>
      |          ^~~~~~~~~~~~~~~~~~
1 error generated.
configure:15823: $? = 1
configure: failed program was:
| /* confdefs.h */
| #define PACKAGE_NAME "ViennaRNA"
| #define PACKAGE_TARNAME "ViennaRNA"
| #define PACKAGE_VERSION "2.5.1"
| #define PACKAGE_STRING "ViennaRNA 2.5.1"
| #define PACKAGE_BUGREPORT "rna@tbi.univie.ac.at"
| #define PACKAGE_URL "https://www.tbi.univie.ac.at/RNA"
| #define HAVE_STDIO_H 1
| #define HAVE_STDLIB_H 1
| #define HAVE_STRING_H 1
| #define HAVE_INTTYPES_H 1
| #define HAVE_STDINT_H 1
| #define HAVE_STRINGS_H 1
| #define HAVE_SYS_STAT_H 1
| #define HAVE_SYS_TYPES_H 1
| #define HAVE_UNISTD_H 1
| #define HAVE_WCHAR_H 1
| #define STDC_HEADERS 1
| #define _ALL_SOURCE 1
| #define _DARWIN_C_SOURCE 1
| #define _GNU_SOURCE 1
| #define _HPUX_ALT_XOPEN_SOCKET_API 1
| #define _NETBSD_SOURCE 1
| #define _OPENBSD_SOURCE 1
| #define _POSIX_PTHREAD_SEMANTICS 1
| #define __STDC_WANT_IEC_60559_ATTRIBS_EXT__ 1
| #define __STDC_WANT_IEC_60559_BFP_EXT__ 1
| #define __STDC_WANT_IEC_60559_DFP_EXT__ 1
| #define __STDC_WANT_IEC_60559_FUNCS_EXT__ 1
| #define __STDC_WANT_IEC_60559_TYPES_EXT__ 1
| #define __STDC_WANT_LIB_EXT2__ 1
| #define __STDC_WANT_MATH_SPEC_FUNCS__ 1
| #define _TANDEM_SOURCE 1
| #define __EXTENSIONS__ 1
| #define PACKAGE "ViennaRNA"
| #define VERSION "2.5.1"
| #define UNUSED __attribute__ ((unused))
| #define HAVE_DLFCN_H 1
| #define LT_OBJDIR ".libs/"
| /* end confdefs.h.  */
| #include <ac_nonexistent.h>
configure:15988: checking for ld used by g++
configure:16056: result: /Library/Developer/CommandLineTools/usr/bin/ld
configure:16063: checking if the linker (/Library/Developer/CommandLineTools/usr/bin/ld) is GNU ld
configure:16079: result: no
configure:16134: checking whether the g++ linker (/Library/Developer/CommandLineTools/usr/bin/ld) supports shared libraries
configure:17212: result: yes
configure:17248: g++ -c -g -O2  conftest.cpp >&5
configure:17251: $? = 0
configure:17732: checking for g++ option to produce PIC
configure:17740: result: -fno-common -DPIC
configure:17748: checking if g++ PIC flag -fno-common -DPIC works
configure:17767: g++ -c -g -O2  -fno-common -DPIC -DPIC conftest.cpp >&5
configure:17771: $? = 0
configure:17784: result: yes
configure:17807: checking if g++ static flag -static works
configure:17836: result: no
configure:17848: checking if g++ supports -c -o file.o
configure:17870: g++ -c -g -O2  -o out/conftest2.o conftest.cpp >&5
configure:17874: $? = 0
configure:17896: result: yes
configure:17901: checking if g++ supports -c -o file.o
configure:17949: result: yes
configure:17979: checking whether the g++ linker (/Library/Developer/CommandLineTools/usr/bin/ld) supports shared libraries
configure:18019: result: yes
configure:18161: checking dynamic linker characteristics
configure:18909: result: darwin24.0.0 dyld
configure:18974: checking how to hardcode library paths into programs
configure:18999: result: immediate
configure:19063: checking for exp in -lm
configure:19086: gcc -o conftest -g -O2   conftest.c -lm   >&5
conftest.c:45:6: warning: incompatible redeclaration of library function 'exp' [-Wincompatible-library-redeclaration]
   45 | char exp ();
      |      ^
conftest.c:45:6: note: 'exp' is a builtin with type 'double (double)'
1 warning generated.
configure:19086: $? = 0
configure:19096: result: yes
configure:19108: checking for egrep
configure:19176: result: /usr/bin/grep -E
configure:19182: checking for _Bool
configure:19182: gcc -c -g -O2  conftest.c >&5
configure:19182: $? = 0
configure:19182: gcc -c -g -O2  conftest.c >&5
conftest.c:73:20: error: expected expression
   73 | if (sizeof ((_Bool)))
      |                    ^
1 error generated.
configure:19182: $? = 1
configure: failed program was:
| /* confdefs.h */
| #define PACKAGE_NAME "ViennaRNA"
| #define PACKAGE_TARNAME "ViennaRNA"
| #define PACKAGE_VERSION "2.5.1"
| #define PACKAGE_STRING "ViennaRNA 2.5.1"
| #define PACKAGE_BUGREPORT "rna@tbi.univie.ac.at"
| #define PACKAGE_URL "https://www.tbi.univie.ac.at/RNA"
| #define HAVE_STDIO_H 1
| #define HAVE_STDLIB_H 1
| #define HAVE_STRING_H 1
| #define HAVE_INTTYPES_H 1
| #define HAVE_STDINT_H 1
| #define HAVE_STRINGS_H 1
| #define HAVE_SYS_STAT_H 1
| #define HAVE_SYS_TYPES_H 1
| #define HAVE_UNISTD_H 1
| #define HAVE_WCHAR_H 1
| #define STDC_HEADERS 1
| #define _ALL_SOURCE 1
| #define _DARWIN_C_SOURCE 1
| #define _GNU_SOURCE 1
| #define _HPUX_ALT_XOPEN_SOCKET_API 1
| #define _NETBSD_SOURCE 1
| #define _OPENBSD_SOURCE 1
| #define _POSIX_PTHREAD_SEMANTICS 1
| #define __STDC_WANT_IEC_60559_ATTRIBS_EXT__ 1
| #define __STDC_WANT_IEC_60559_BFP_EXT__ 1
| #define __STDC_WANT_IEC_60559_DFP_EXT__ 1
| #define __STDC_WANT_IEC_60559_FUNCS_EXT__ 1
| #define __STDC_WANT_IEC_60559_TYPES_EXT__ 1
| #define __STDC_WANT_LIB_EXT2__ 1
| #define __STDC_WANT_MATH_SPEC_FUNCS__ 1
| #define _TANDEM_SOURCE 1
| #define __EXTENSIONS__ 1
| #define PACKAGE "ViennaRNA"
| #define VERSION "2.5.1"
| #define UNUSED __attribute__ ((unused))
| #define HAVE_DLFCN_H 1
| #define LT_OBJDIR ".libs/"
| #define HAVE_LIBM 1
| /* end confdefs.h.  */
| #include <stddef.h>
| #ifdef HAVE_STDIO_H
| # include <stdio.h>
| #endif
| #ifdef HAVE_STDLIB_H
| # include <stdlib.h>
| #endif
| #ifdef HAVE_STRING_H
| # include <string.h>
| #endif
| #ifdef HAVE_INTTYPES_H
| # include <inttypes.h>
| #endif
| #ifdef HAVE_STDINT_H
| # include <stdint.h>
| #endif
| #ifdef HAVE_STRINGS_H
| # include <strings.h>
| #endif
| #ifdef HAVE_SYS_TYPES_H
| # include <sys/types.h>
| #endif
| #ifdef HAVE_SYS_STAT_H
| # include <sys/stat.h>
| #endif
| #ifdef HAVE_UNISTD_H
| # include <unistd.h>
| #endif
| int
| main (void)
| {
| if (sizeof ((_Bool)))
| 	    return 0;
|   ;
|   return 0;
| }
configure:19182: result: yes
configure:19191: checking for stdbool.h that conforms to C99
configure:19307: gcc -c -g -O2  conftest.c >&5
conftest.c:128:25: warning: address of 's' will always evaluate to 'true' [-Wpointer-bool-conversion]
  128 |              bool ps = &s;
      |                   ~~    ^
conftest.c:133:28: warning: address of 't' will always evaluate to 'true' [-Wpointer-bool-conversion]
  133 |                _Bool pt = &t;
      |                      ~~    ^
conftest.c:143:55: warning: address of array 'y' will always evaluate to 'true' [-Wpointer-bool-conversion]
  143 |                      + !q + !r + !u + !v + !w + !x + !y + !z + !pt
      |                                                      ~^
conftest.c:143:50: warning: address of array 'x' will always evaluate to 'true' [-Wpointer-bool-conversion]
  143 |                      + !q + !r + !u + !v + !w + !x + !y + !z + !pt
      |                                                 ~^
conftest.c:143:45: warning: address of array 'w' will always evaluate to 'true' [-Wpointer-bool-conversion]
  143 |                      + !q + !r + !u + !v + !w + !x + !y + !z + !pt
      |                                            ~^
conftest.c:143:40: warning: address of array 'v' will always evaluate to 'true' [-Wpointer-bool-conversion]
  143 |                      + !q + !r + !u + !v + !w + !x + !y + !z + !pt
      |                                       ~^
conftest.c:143:35: warning: address of array 'u' will always evaluate to 'true' [-Wpointer-bool-conversion]
  143 |                      + !q + !r + !u + !v + !w + !x + !y + !z + !pt
      |                                  ~^
conftest.c:143:30: warning: address of array 'r' will always evaluate to 'true' [-Wpointer-bool-conversion]
  143 |                      + !q + !r + !u + !v + !w + !x + !y + !z + !pt
      |                             ~^
conftest.c:143:25: warning: address of array 'q' will always evaluate to 'true' [-Wpointer-bool-conversion]
  143 |                      + !q + !r + !u + !v + !w + !x + !y + !z + !pt
      |                        ~^
conftest.c:141:40: warning: address of array 'o' will always evaluate to 'true' [-Wpointer-bool-conversion]
  141 |                      + !l + !m + !n + !o + !p + !pp + !ps
      |                                       ~^
conftest.c:141:35: warning: address of array 'n' will always evaluate to 'true' [-Wpointer-bool-conversion]
  141 |                      + !l + !m + !n + !o + !p + !pp + !ps
      |                                  ~^
conftest.c:141:30: warning: address of array 'm' will always evaluate to 'true' [-Wpointer-bool-conversion]
  141 |                      + !l + !m + !n + !o + !p + !pp + !ps
      |                             ~^
conftest.c:141:25: warning: address of array 'l' will always evaluate to 'true' [-Wpointer-bool-conversion]
  141 |                      + !l + !m + !n + !o + !p + !pp + !ps
      |                        ~^
conftest.c:140:73: warning: address of array 'k' will always evaluate to 'true' [-Wpointer-bool-conversion]
  140 |              return (!a + !b + !c + !d + !e + !f + !g + !h + !i + !j + !k
      |                                                                        ~^
conftest.c:140:68: warning: address of array 'j' will always evaluate to 'true' [-Wpointer-bool-conversion]
  140 |              return (!a + !b + !c + !d + !e + !f + !g + !h + !i + !j + !k
      |                                                                   ~^
conftest.c:140:63: warning: address of array 'i' will always evaluate to 'true' [-Wpointer-bool-conversion]
  140 |              return (!a + !b + !c + !d + !e + !f + !g + !h + !i + !j + !k
      |                                                              ~^
conftest.c:140:38: warning: address of array 'd' will always evaluate to 'true' [-Wpointer-bool-conversion]
  140 |              return (!a + !b + !c + !d + !e + !f + !g + !h + !i + !j + !k
      |                                     ~^
conftest.c:140:33: warning: address of array 'c' will always evaluate to 'true' [-Wpointer-bool-conversion]
  140 |              return (!a + !b + !c + !d + !e + !f + !g + !h + !i + !j + !k
      |                                ~^
conftest.c:140:28: warning: address of array 'b' will always evaluate to 'true' [-Wpointer-bool-conversion]
  140 |              return (!a + !b + !c + !d + !e + !f + !g + !h + !i + !j + !k
      |                           ~^
conftest.c:140:23: warning: address of array 'a' will always evaluate to 'true' [-Wpointer-bool-conversion]
  140 |              return (!a + !b + !c + !d + !e + !f + !g + !h + !i + !j + !k
      |                      ~^
20 warnings generated.
configure:19307: $? = 0
configure:19315: result: yes
configure:19324: checking for malloc.h
configure:19324: gcc -c -g -O2  conftest.c >&5
conftest.c:72:10: fatal error: 'malloc.h' file not found
   72 | #include <malloc.h>
      |          ^~~~~~~~~~
1 error generated.
configure:19324: $? = 1
configure: failed program was:
| /* confdefs.h */
| #define PACKAGE_NAME "ViennaRNA"
| #define PACKAGE_TARNAME "ViennaRNA"
| #define PACKAGE_VERSION "2.5.1"
| #define PACKAGE_STRING "ViennaRNA 2.5.1"
| #define PACKAGE_BUGREPORT "rna@tbi.univie.ac.at"
| #define PACKAGE_URL "https://www.tbi.univie.ac.at/RNA"
| #define HAVE_STDIO_H 1
| #define HAVE_STDLIB_H 1
| #define HAVE_STRING_H 1
| #define HAVE_INTTYPES_H 1
| #define HAVE_STDINT_H 1
| #define HAVE_STRINGS_H 1
| #define HAVE_SYS_STAT_H 1
| #define HAVE_SYS_TYPES_H 1
| #define HAVE_UNISTD_H 1
| #define HAVE_WCHAR_H 1
| #define STDC_HEADERS 1
| #define _ALL_SOURCE 1
| #define _DARWIN_C_SOURCE 1
| #define _GNU_SOURCE 1
| #define _HPUX_ALT_XOPEN_SOCKET_API 1
| #define _NETBSD_SOURCE 1
| #define _OPENBSD_SOURCE 1
| #define _POSIX_PTHREAD_SEMANTICS 1
| #define __STDC_WANT_IEC_60559_ATTRIBS_EXT__ 1
| #define __STDC_WANT_IEC_60559_BFP_EXT__ 1
| #define __STDC_WANT_IEC_60559_DFP_EXT__ 1
| #define __STDC_WANT_IEC_60559_FUNCS_EXT__ 1
| #define __STDC_WANT_IEC_60559_TYPES_EXT__ 1
| #define __STDC_WANT_LIB_EXT2__ 1
| #define __STDC_WANT_MATH_SPEC_FUNCS__ 1
| #define _TANDEM_SOURCE 1
| #define __EXTENSIONS__ 1
| #define PACKAGE "ViennaRNA"
| #define VERSION "2.5.1"
| #define UNUSED __attribute__ ((unused))
| #define HAVE_DLFCN_H 1
| #define LT_OBJDIR ".libs/"
| #define HAVE_LIBM 1
| #define HAVE__BOOL 1
| #define HAVE_STDBOOL_H 1
| /* end confdefs.h.  */
| #include <stddef.h>
| #ifdef HAVE_STDIO_H
| # include <stdio.h>
| #endif
| #ifdef HAVE_STDLIB_H
| # include <stdlib.h>
| #endif
| #ifdef HAVE_STRING_H
| # include <string.h>
| #endif
| #ifdef HAVE_INTTYPES_H
| # include <inttypes.h>
| #endif
| #ifdef HAVE_STDINT_H
| # include <stdint.h>
| #endif
| #ifdef HAVE_STRINGS_H
| # include <strings.h>
| #endif
| #ifdef HAVE_SYS_TYPES_H
| # include <sys/types.h>
| #endif
| #ifdef HAVE_SYS_STAT_H
| # include <sys/stat.h>
| #endif
| #ifdef HAVE_UNISTD_H
| # include <unistd.h>
| #endif
| #include <malloc.h>
configure:19324: result: no
configure:19330: checking for float.h
configure:19330: gcc -c -g -O2  conftest.c >&5
configure:19330: $? = 0
configure:19330: result: yes
configure:19336: checking for limits.h
configure:19336: gcc -c -g -O2  conftest.c >&5
configure:19336: $? = 0
configure:19336: result: yes
configure:19342: checking for stdlib.h
configure:19342: result: yes
configure:19348: checking for string.h
configure:19348: result: yes
configure:19354: checking for strings.h
configure:19354: result: yes
configure:19360: checking for unistd.h
configure:19360: result: yes
configure:19366: checking for math.h
configure:19366: gcc -c -g -O2  conftest.c >&5
configure:19366: $? = 0
configure:19366: result: yes
configure:19372: checking for stdarg.h
configure:19372: gcc -c -g -O2  conftest.c >&5
configure:19372: $? = 0
configure:19372: result: yes
configure:19380: checking for GNU libc compatible malloc
configure:19412: gcc -o conftest -g -O2   conftest.c -lm  >&5
configure:19412: $? = 0
configure:19412: ./conftest
configure:19412: $? = 0
configure:19423: result: yes
configure:19445: checking for GNU libc compatible realloc
configure:19477: gcc -o conftest -g -O2   conftest.c -lm  >&5
configure:19477: $? = 0
configure:19477: ./conftest
configure:19477: $? = 0
configure:19488: result: yes
configure:19510: checking for working strtod
configure:19553: gcc -o conftest -g -O2   conftest.c -lm  >&5
conftest.c:84:8: warning: a function declaration without a prototype is deprecated in all versions of C and is treated as a zero-parameter prototype in C2x, conflicting with a previous declaration [-Wdeprecated-non-prototype]
   84 | double strtod ();
      |        ^
1 warning generated.
configure:19553: $? = 0
configure:19553: ./conftest
configure:19553: $? = 0
configure:19564: result: yes
configure:19627: checking for floor
configure:19627: gcc -o conftest -g -O2   conftest.c -lm  >&5
conftest.c:70:6: warning: incompatible redeclaration of library function 'floor' [-Wincompatible-library-redeclaration]
   70 | char floor ();
      |      ^
conftest.c:70:6: note: 'floor' is a builtin with type 'double (double)'
1 warning generated.
configure:19627: $? = 0
configure:19627: result: yes
configure:19633: checking for strdup
configure:19633: gcc -o conftest -g -O2   conftest.c -lm  >&5
conftest.c:71:6: warning: incompatible redeclaration of library function 'strdup' [-Wincompatible-library-redeclaration]
   71 | char strdup ();
      |      ^
conftest.c:71:6: note: 'strdup' is a builtin with type 'char *(const char *)'
1 warning generated.
configure:19633: $? = 0
configure:19633: result: yes
configure:19639: checking for strstr
configure:19639: gcc -o conftest -g -O2   conftest.c -lm  >&5
conftest.c:72:6: warning: incompatible redeclaration of library function 'strstr' [-Wincompatible-library-redeclaration]
   72 | char strstr ();
      |      ^
conftest.c:72:6: note: 'strstr' is a builtin with type 'char *(const char *, const char *)'
1 warning generated.
configure:19639: $? = 0
configure:19639: result: yes
configure:19645: checking for strchr
configure:19645: gcc -o conftest -g -O2   conftest.c -lm  >&5
conftest.c:73:6: warning: incompatible redeclaration of library function 'strchr' [-Wincompatible-library-redeclaration]
   73 | char strchr ();
      |      ^
conftest.c:73:6: note: 'strchr' is a builtin with type 'char *(const char *, int)'
1 warning generated.
configure:19645: $? = 0
configure:19645: result: yes
configure:19651: checking for strrchr
configure:19651: gcc -o conftest -g -O2   conftest.c -lm  >&5
conftest.c:74:6: warning: incompatible redeclaration of library function 'strrchr' [-Wincompatible-library-redeclaration]
   74 | char strrchr ();
      |      ^
conftest.c:74:6: note: 'strrchr' is a builtin with type 'char *(const char *, int)'
1 warning generated.
configure:19651: $? = 0
configure:19651: result: yes
configure:19657: checking for strstr
configure:19657: result: yes
configure:19663: checking for strtol
configure:19663: gcc -o conftest -g -O2   conftest.c -lm  >&5
conftest.c:76:6: warning: incompatible redeclaration of library function 'strtol' [-Wincompatible-library-redeclaration]
   76 | char strtol ();
      |      ^
conftest.c:76:6: note: 'strtol' is a builtin with type 'long (const char *, char **, int)'
1 warning generated.
configure:19663: $? = 0
configure:19663: result: yes
configure:19669: checking for strtoul
configure:19669: gcc -o conftest -g -O2   conftest.c -lm  >&5
conftest.c:77:6: warning: incompatible redeclaration of library function 'strtoul' [-Wincompatible-library-redeclaration]
   77 | char strtoul ();
      |      ^
conftest.c:77:6: note: 'strtoul' is a builtin with type 'unsigned long (const char *, char **, int)'
1 warning generated.
configure:19669: $? = 0
configure:19669: result: yes
configure:19675: checking for pow
configure:19675: gcc -o conftest -g -O2   conftest.c -lm  >&5
conftest.c:78:6: warning: incompatible redeclaration of library function 'pow' [-Wincompatible-library-redeclaration]
   78 | char pow ();
      |      ^
conftest.c:78:6: note: 'pow' is a builtin with type 'double (double, double)'
1 warning generated.
configure:19675: $? = 0
configure:19675: result: yes
configure:19681: checking for rint
configure:19681: gcc -o conftest -g -O2   conftest.c -lm  >&5
conftest.c:79:6: warning: incompatible redeclaration of library function 'rint' [-Wincompatible-library-redeclaration]
   79 | char rint ();
      |      ^
conftest.c:79:6: note: 'rint' is a builtin with type 'double (double)'
1 warning generated.
configure:19681: $? = 0
configure:19681: result: yes
configure:19687: checking for sqrt
configure:19687: gcc -o conftest -g -O2   conftest.c -lm  >&5
conftest.c:80:6: warning: incompatible redeclaration of library function 'sqrt' [-Wincompatible-library-redeclaration]
   80 | char sqrt ();
      |      ^
conftest.c:80:6: note: 'sqrt' is a builtin with type 'double (double)'
1 warning generated.
configure:19687: $? = 0
configure:19687: result: yes
configure:19693: checking for erand48
configure:19693: gcc -o conftest -g -O2   conftest.c -lm  >&5
configure:19693: $? = 0
configure:19693: result: yes
configure:19699: checking for memset
configure:19699: gcc -o conftest -g -O2   conftest.c -lm  >&5
conftest.c:82:6: warning: incompatible redeclaration of library function 'memset' [-Wincompatible-library-redeclaration]
   82 | char memset ();
      |      ^
conftest.c:82:6: note: 'memset' is a builtin with type 'void *(void *, int, unsigned long)'
1 warning generated.
configure:19699: $? = 0
configure:19699: result: yes
configure:19705: checking for memmove
configure:19705: gcc -o conftest -g -O2   conftest.c -lm  >&5
conftest.c:83:6: warning: incompatible redeclaration of library function 'memmove' [-Wincompatible-library-redeclaration]
   83 | char memmove ();
      |      ^
conftest.c:83:6: note: 'memmove' is a builtin with type 'void *(void *, const void *, unsigned long)'
1 warning generated.
configure:19705: $? = 0
configure:19705: result: yes
configure:19711: checking for erand48
configure:19711: result: yes
configure:19717: checking for asprintf
configure:19717: gcc -o conftest -g -O2   conftest.c -lm  >&5
conftest.c:96:18: warning: format string missing [-Wformat]
   96 | return asprintf ();
      |        ~~~~~~~~  ^
1 warning generated.
configure:19717: $? = 0
configure:19717: result: yes
configure:19723: checking for vasprintf
configure:19723: gcc -o conftest -g -O2   conftest.c -lm  >&5
conftest.c:97:19: warning: format string missing [-Wformat]
   97 | return vasprintf ();
      |        ~~~~~~~~~  ^
1 warning generated.
configure:19723: $? = 0
configure:19723: result: yes
configure:19731: checking for an ANSI C-conforming const
configure:19798: gcc -c -g -O2  conftest.c >&5
configure:19798: $? = 0
configure:19806: result: yes
configure:19814: checking for size_t
configure:19814: gcc -c -g -O2  conftest.c >&5
configure:19814: $? = 0
configure:19814: gcc -c -g -O2  conftest.c >&5
conftest.c:102:21: error: expected expression
  102 | if (sizeof ((size_t)))
      |                     ^
1 error generated.
configure:19814: $? = 1
configure: failed program was:
| /* confdefs.h */
| #define PACKAGE_NAME "ViennaRNA"
| #define PACKAGE_TARNAME "ViennaRNA"
| #define PACKAGE_VERSION "2.5.1"
| #define PACKAGE_STRING "ViennaRNA 2.5.1"
| #define PACKAGE_BUGREPORT "rna@tbi.univie.ac.at"
| #define PACKAGE_URL "https://www.tbi.univie.ac.at/RNA"
| #define HAVE_STDIO_H 1
| #define HAVE_STDLIB_H 1
| #define HAVE_STRING_H 1
| #define HAVE_INTTYPES_H 1
| #define HAVE_STDINT_H 1
| #define HAVE_STRINGS_H 1
| #define HAVE_SYS_STAT_H 1
| #define HAVE_SYS_TYPES_H 1
| #define HAVE_UNISTD_H 1
| #define HAVE_WCHAR_H 1
| #define STDC_HEADERS 1
| #define _ALL_SOURCE 1
| #define _DARWIN_C_SOURCE 1
| #define _GNU_SOURCE 1
| #define _HPUX_ALT_XOPEN_SOCKET_API 1
| #define _NETBSD_SOURCE 1
| #define _OPENBSD_SOURCE 1
| #define _POSIX_PTHREAD_SEMANTICS 1
| #define __STDC_WANT_IEC_60559_ATTRIBS_EXT__ 1
| #define __STDC_WANT_IEC_60559_BFP_EXT__ 1
| #define __STDC_WANT_IEC_60559_DFP_EXT__ 1
| #define __STDC_WANT_IEC_60559_FUNCS_EXT__ 1
| #define __STDC_WANT_IEC_60559_TYPES_EXT__ 1
| #define __STDC_WANT_LIB_EXT2__ 1
| #define __STDC_WANT_MATH_SPEC_FUNCS__ 1
| #define _TANDEM_SOURCE 1
| #define __EXTENSIONS__ 1
| #define PACKAGE "ViennaRNA"
| #define VERSION "2.5.1"
| #define UNUSED __attribute__ ((unused))
| #define HAVE_DLFCN_H 1
| #define LT_OBJDIR ".libs/"
| #define HAVE_LIBM 1
| #define HAVE__BOOL 1
| #define HAVE_STDBOOL_H 1
| #define HAVE_FLOAT_H 1
| #define HAVE_LIMITS_H 1
| #define HAVE_STDLIB_H 1
| #define HAVE_STRING_H 1
| #define HAVE_STRINGS_H 1
| #define HAVE_UNISTD_H 1
| #define HAVE_MATH_H 1
| #define HAVE_STDARG_H 1
| #define HAVE_MALLOC 1
| #define HAVE_REALLOC 1
| #define HAVE_FLOOR 1
| #define HAVE_STRDUP 1
| #define HAVE_STRSTR 1
| #define HAVE_STRCHR 1
| #define HAVE_STRRCHR 1
| #define HAVE_STRSTR 1
| #define HAVE_STRTOL 1
| #define HAVE_STRTOUL 1
| #define HAVE_POW 1
| #define HAVE_RINT 1
| #define HAVE_SQRT 1
| #define HAVE_ERAND48 1
| #define HAVE_MEMSET 1
| #define HAVE_MEMMOVE 1
| #define HAVE_ERAND48 1
| #define HAVE_ASPRINTF 1
| #define HAVE_VASPRINTF 1
| /* end confdefs.h.  */
| #include <stddef.h>
| #ifdef HAVE_STDIO_H
| # include <stdio.h>
| #endif
| #ifdef HAVE_STDLIB_H
| # include <stdlib.h>
| #endif
| #ifdef HAVE_STRING_H
| # include <string.h>
| #endif
| #ifdef HAVE_INTTYPES_H
| # include <inttypes.h>
| #endif
| #ifdef HAVE_STDINT_H
| # include <stdint.h>
| #endif
| #ifdef HAVE_STRINGS_H
| # include <strings.h>
| #endif
| #ifdef HAVE_SYS_TYPES_H
| # include <sys/types.h>
| #endif
| #ifdef HAVE_SYS_STAT_H
| # include <sys/stat.h>
| #endif
| #ifdef HAVE_UNISTD_H
| # include <unistd.h>
| #endif
| int
| main (void)
| {
| if (sizeof ((size_t)))
| 	    return 0;
|   ;
|   return 0;
| }
configure:19814: result: yes
configure:19824: checking for inline
configure:19841: gcc -c -g -O2  conftest.c >&5
configure:19841: $? = 0
configure:19850: result: inline
configure:19874: checking for pdflatex
configure:19897: found /Library/TeX/texbin/pdflatex
configure:19910: result: /Library/TeX/texbin/pdflatex
configure:19920: checking for bibtex
configure:19943: found /Library/TeX/texbin/bibtex
configure:19956: result: /Library/TeX/texbin/bibtex
configure:19966: checking for makeindex
configure:19989: found /Library/TeX/texbin/makeindex
configure:20002: result: /Library/TeX/texbin/makeindex
configure:20077: checking for pkg-config
configure:20100: found /opt/homebrew/bin/pkg-config
configure:20112: result: /opt/homebrew/bin/pkg-config
configure:20137: checking pkg-config is at least version 0.9.0
configure:20140: result: yes
configure:20152: checking for C compiler vendor
configure:20200: gcc -c -g -O2  conftest.c >&5
conftest.c:77:9: error: use of undeclared identifier 'thisisanerror'
   77 |         thisisanerror;
      |         ^
1 error generated.
configure:20200: $? = 1
configure: failed program was:
| /* confdefs.h */
| #define PACKAGE_NAME "ViennaRNA"
| #define PACKAGE_TARNAME "ViennaRNA"
| #define PACKAGE_VERSION "2.5.1"
| #define PACKAGE_STRING "ViennaRNA 2.5.1"
| #define PACKAGE_BUGREPORT "rna@tbi.univie.ac.at"
| #define PACKAGE_URL "https://www.tbi.univie.ac.at/RNA"
| #define HAVE_STDIO_H 1
| #define HAVE_STDLIB_H 1
| #define HAVE_STRING_H 1
| #define HAVE_INTTYPES_H 1
| #define HAVE_STDINT_H 1
| #define HAVE_STRINGS_H 1
| #define HAVE_SYS_STAT_H 1
| #define HAVE_SYS_TYPES_H 1
| #define HAVE_UNISTD_H 1
| #define HAVE_WCHAR_H 1
| #define STDC_HEADERS 1
| #define _ALL_SOURCE 1
| #define _DARWIN_C_SOURCE 1
| #define _GNU_SOURCE 1
| #define _HPUX_ALT_XOPEN_SOCKET_API 1
| #define _NETBSD_SOURCE 1
| #define _OPENBSD_SOURCE 1
| #define _POSIX_PTHREAD_SEMANTICS 1
| #define __STDC_WANT_IEC_60559_ATTRIBS_EXT__ 1
| #define __STDC_WANT_IEC_60559_BFP_EXT__ 1
| #define __STDC_WANT_IEC_60559_DFP_EXT__ 1
| #define __STDC_WANT_IEC_60559_FUNCS_EXT__ 1
| #define __STDC_WANT_IEC_60559_TYPES_EXT__ 1
| #define __STDC_WANT_LIB_EXT2__ 1
| #define __STDC_WANT_MATH_SPEC_FUNCS__ 1
| #define _TANDEM_SOURCE 1
| #define __EXTENSIONS__ 1
| #define PACKAGE "ViennaRNA"
| #define VERSION "2.5.1"
| #define UNUSED __attribute__ ((unused))
| #define HAVE_DLFCN_H 1
| #define LT_OBJDIR ".libs/"
| #define HAVE_LIBM 1
| #define HAVE__BOOL 1
| #define HAVE_STDBOOL_H 1
| #define HAVE_FLOAT_H 1
| #define HAVE_LIMITS_H 1
| #define HAVE_STDLIB_H 1
| #define HAVE_STRING_H 1
| #define HAVE_STRINGS_H 1
| #define HAVE_UNISTD_H 1
| #define HAVE_MATH_H 1
| #define HAVE_STDARG_H 1
| #define HAVE_MALLOC 1
| #define HAVE_REALLOC 1
| #define HAVE_FLOOR 1
| #define HAVE_STRDUP 1
| #define HAVE_STRSTR 1
| #define HAVE_STRCHR 1
| #define HAVE_STRRCHR 1
| #define HAVE_STRSTR 1
| #define HAVE_STRTOL 1
| #define HAVE_STRTOUL 1
| #define HAVE_POW 1
| #define HAVE_RINT 1
| #define HAVE_SQRT 1
| #define HAVE_ERAND48 1
| #define HAVE_MEMSET 1
| #define HAVE_MEMMOVE 1
| #define HAVE_ERAND48 1
| #define HAVE_ASPRINTF 1
| #define HAVE_VASPRINTF 1
| /* end confdefs.h.  */
| 
| int
| main (void)
| {
| 
|       #if !(defined(__ICC) || defined(__ECC) || defined(__INTEL_COMPILER))
|         thisisanerror;
|       #endif
| 
|   ;
|   return 0;
| }
configure:20200: gcc -c -g -O2  conftest.c >&5
conftest.c:77:9: error: use of undeclared identifier 'thisisanerror'
   77 |         thisisanerror;
      |         ^
1 error generated.
configure:20200: $? = 1
configure: failed program was:
| /* confdefs.h */
| #define PACKAGE_NAME "ViennaRNA"
| #define PACKAGE_TARNAME "ViennaRNA"
| #define PACKAGE_VERSION "2.5.1"
| #define PACKAGE_STRING "ViennaRNA 2.5.1"
| #define PACKAGE_BUGREPORT "rna@tbi.univie.ac.at"
| #define PACKAGE_URL "https://www.tbi.univie.ac.at/RNA"
| #define HAVE_STDIO_H 1
| #define HAVE_STDLIB_H 1
| #define HAVE_STRING_H 1
| #define HAVE_INTTYPES_H 1
| #define HAVE_STDINT_H 1
| #define HAVE_STRINGS_H 1
| #define HAVE_SYS_STAT_H 1
| #define HAVE_SYS_TYPES_H 1
| #define HAVE_UNISTD_H 1
| #define HAVE_WCHAR_H 1
| #define STDC_HEADERS 1
| #define _ALL_SOURCE 1
| #define _DARWIN_C_SOURCE 1
| #define _GNU_SOURCE 1
| #define _HPUX_ALT_XOPEN_SOCKET_API 1
| #define _NETBSD_SOURCE 1
| #define _OPENBSD_SOURCE 1
| #define _POSIX_PTHREAD_SEMANTICS 1
| #define __STDC_WANT_IEC_60559_ATTRIBS_EXT__ 1
| #define __STDC_WANT_IEC_60559_BFP_EXT__ 1
| #define __STDC_WANT_IEC_60559_DFP_EXT__ 1
| #define __STDC_WANT_IEC_60559_FUNCS_EXT__ 1
| #define __STDC_WANT_IEC_60559_TYPES_EXT__ 1
| #define __STDC_WANT_LIB_EXT2__ 1
| #define __STDC_WANT_MATH_SPEC_FUNCS__ 1
| #define _TANDEM_SOURCE 1
| #define __EXTENSIONS__ 1
| #define PACKAGE "ViennaRNA"
| #define VERSION "2.5.1"
| #define UNUSED __attribute__ ((unused))
| #define HAVE_DLFCN_H 1
| #define LT_OBJDIR ".libs/"
| #define HAVE_LIBM 1
| #define HAVE__BOOL 1
| #define HAVE_STDBOOL_H 1
| #define HAVE_FLOAT_H 1
| #define HAVE_LIMITS_H 1
| #define HAVE_STDLIB_H 1
| #define HAVE_STRING_H 1
| #define HAVE_STRINGS_H 1
| #define HAVE_UNISTD_H 1
| #define HAVE_MATH_H 1
| #define HAVE_STDARG_H 1
| #define HAVE_MALLOC 1
| #define HAVE_REALLOC 1
| #define HAVE_FLOOR 1
| #define HAVE_STRDUP 1
| #define HAVE_STRSTR 1
| #define HAVE_STRCHR 1
| #define HAVE_STRRCHR 1
| #define HAVE_STRSTR 1
| #define HAVE_STRTOL 1
| #define HAVE_STRTOUL 1
| #define HAVE_POW 1
| #define HAVE_RINT 1
| #define HAVE_SQRT 1
| #define HAVE_ERAND48 1
| #define HAVE_MEMSET 1
| #define HAVE_MEMMOVE 1
| #define HAVE_ERAND48 1
| #define HAVE_ASPRINTF 1
| #define HAVE_VASPRINTF 1
| /* end confdefs.h.  */
| 
| int
| main (void)
| {
| 
|       #if !(defined(__xlc__) || defined(__xlC__) || defined(__IBMC__) || defined(__IBMCPP__))
|         thisisanerror;
|       #endif
| 
|   ;
|   return 0;
| }
configure:20200: gcc -c -g -O2  conftest.c >&5
conftest.c:77:9: error: use of undeclared identifier 'thisisanerror'
   77 |         thisisanerror;
      |         ^
1 error generated.
configure:20200: $? = 1
configure: failed program was:
| /* confdefs.h */
| #define PACKAGE_NAME "ViennaRNA"
| #define PACKAGE_TARNAME "ViennaRNA"
| #define PACKAGE_VERSION "2.5.1"
| #define PACKAGE_STRING "ViennaRNA 2.5.1"
| #define PACKAGE_BUGREPORT "rna@tbi.univie.ac.at"
| #define PACKAGE_URL "https://www.tbi.univie.ac.at/RNA"
| #define HAVE_STDIO_H 1
| #define HAVE_STDLIB_H 1
| #define HAVE_STRING_H 1
| #define HAVE_INTTYPES_H 1
| #define HAVE_STDINT_H 1
| #define HAVE_STRINGS_H 1
| #define HAVE_SYS_STAT_H 1
| #define HAVE_SYS_TYPES_H 1
| #define HAVE_UNISTD_H 1
| #define HAVE_WCHAR_H 1
| #define STDC_HEADERS 1
| #define _ALL_SOURCE 1
| #define _DARWIN_C_SOURCE 1
| #define _GNU_SOURCE 1
| #define _HPUX_ALT_XOPEN_SOCKET_API 1
| #define _NETBSD_SOURCE 1
| #define _OPENBSD_SOURCE 1
| #define _POSIX_PTHREAD_SEMANTICS 1
| #define __STDC_WANT_IEC_60559_ATTRIBS_EXT__ 1
| #define __STDC_WANT_IEC_60559_BFP_EXT__ 1
| #define __STDC_WANT_IEC_60559_DFP_EXT__ 1
| #define __STDC_WANT_IEC_60559_FUNCS_EXT__ 1
| #define __STDC_WANT_IEC_60559_TYPES_EXT__ 1
| #define __STDC_WANT_LIB_EXT2__ 1
| #define __STDC_WANT_MATH_SPEC_FUNCS__ 1
| #define _TANDEM_SOURCE 1
| #define __EXTENSIONS__ 1
| #define PACKAGE "ViennaRNA"
| #define VERSION "2.5.1"
| #define UNUSED __attribute__ ((unused))
| #define HAVE_DLFCN_H 1
| #define LT_OBJDIR ".libs/"
| #define HAVE_LIBM 1
| #define HAVE__BOOL 1
| #define HAVE_STDBOOL_H 1
| #define HAVE_FLOAT_H 1
| #define HAVE_LIMITS_H 1
| #define HAVE_STDLIB_H 1
| #define HAVE_STRING_H 1
| #define HAVE_STRINGS_H 1
| #define HAVE_UNISTD_H 1
| #define HAVE_MATH_H 1
| #define HAVE_STDARG_H 1
| #define HAVE_MALLOC 1
| #define HAVE_REALLOC 1
| #define HAVE_FLOOR 1
| #define HAVE_STRDUP 1
| #define HAVE_STRSTR 1
| #define HAVE_STRCHR 1
| #define HAVE_STRRCHR 1
| #define HAVE_STRSTR 1
| #define HAVE_STRTOL 1
| #define HAVE_STRTOUL 1
| #define HAVE_POW 1
| #define HAVE_RINT 1
| #define HAVE_SQRT 1
| #define HAVE_ERAND48 1
| #define HAVE_MEMSET 1
| #define HAVE_MEMMOVE 1
| #define HAVE_ERAND48 1
| #define HAVE_ASPRINTF 1
| #define HAVE_VASPRINTF 1
| /* end confdefs.h.  */
| 
| int
| main (void)
| {
| 
|       #if !(defined(__PATHCC__) || defined(__PATHSCALE__))
|         thisisanerror;
|       #endif
| 
|   ;
|   return 0;
| }
configure:20200: gcc -c -g -O2  conftest.c >&5
configure:20200: $? = 0
configure:20209: result: clang
configure:20219: checking for perl
configure:20242: found /opt/homebrew/bin/perl
configure:20254: result: /opt/homebrew/bin/perl
configure:20283: checking whether C compiler accepts -fno-strict-aliasing
configure:20303: gcc -c -g -O2  -fno-strict-aliasing  conftest.c >&5
configure:20303: $? = 0
configure:20312: result: yes
configure:20342: : RNA_CFLAGS="$RNA_CFLAGS"
configure:20345: $? = 0
configure:20368: checking whether C++ compiler accepts -fno-strict-aliasing
configure:20388: g++ -c -g -O2  -fno-strict-aliasing  conftest.cpp >&5
configure:20388: $? = 0
configure:20397: result: yes
configure:20427: : RNA_CXXFLAGS="$RNA_CXXFLAGS"
configure:20430: $? = 0
configure:20447: checking whether the linker accepts -fno-strict-aliasing
configure:20467: gcc -o conftest -g -O2    -fno-strict-aliasing conftest.c -lm  >&5
configure:20467: $? = 0
configure:20477: result: yes
configure:20507: : RNA_LDFLAGS="$RNA_LDFLAGS"
configure:20510: $? = 0
configure:20584: checking whether the C compiler allows unnamed unions of unnamed structs
configure:20608: gcc -o conftest -g -O2   conftest.c -lm  >&5
configure:20608: $? = 0
configure:20608: ./conftest
configure:20608: $? = 0
configure:20625: result: yes
configure:20631: checking whether the C++ compiler allows unnamed unions of unnamed structs
configure:20656: g++ -o conftest -g -O2   conftest.cpp -lm  >&5
configure:20656: $? = 0
configure:20656: ./conftest
configure:20656: $? = 0
configure:20673: result: yes
configure:21411: checking whether C compiler accepts -flto
configure:21431: gcc -c -g -O2  -flto  conftest.c >&5
configure:21431: $? = 0
configure:21440: result: yes
configure:21463: checking whether C++ compiler accepts -flto
configure:21483: g++ -c -g -O2  -flto  conftest.cpp >&5
configure:21483: $? = 0
configure:21492: result: yes
configure:21515: checking whether C compiler accepts -ffat-lto-objects
configure:21535: gcc -c -g -O2  -ffat-lto-objects  conftest.c >&5
clang: warning: optimization flag '-ffat-lto-objects' is not supported [-Wignored-optimization-argument]
configure:21535: $? = 0
configure:21544: result: yes
configure:21567: checking whether C++ compiler accepts -ffat-lto-objects
configure:21587: g++ -c -g -O2  -ffat-lto-objects  conftest.cpp >&5
clang++: warning: optimization flag '-ffat-lto-objects' is not supported [-Wignored-optimization-argument]
configure:21587: $? = 0
configure:21596: result: yes
configure:21870: WARNING: Trying to re-set ar/ranlib/nm to compiler specific wrappers
configure:22215: WARNING: Building for OS X
configure:22558: checking whether the linker supports Link time Optimization (LTO)
configure:22587: gcc -o conftest -g -O2  -flto -ffat-lto-objects   -flto -ffat-lto-objects  -flto conftest.c -lm  >&5
clang: warning: optimization flag '-ffat-lto-objects' is not supported [-Wignored-optimization-argument]
clang: warning: optimization flag '-ffat-lto-objects' is not supported [-Wignored-optimization-argument]
conftest.c:76:1: error: call to undeclared library function 'printf' with type 'int (const char *, ...)'; ISO C99 and later do not support implicit function declarations [-Wimplicit-function-declaration]
   76 | printf("bla");
      | ^
conftest.c:76:1: note: include the header <stdio.h> or explicitly provide a declaration for 'printf'
1 error generated.
configure:22587: $? = 1
configure: failed program was:
| /* confdefs.h */
| #define PACKAGE_NAME "ViennaRNA"
| #define PACKAGE_TARNAME "ViennaRNA"
| #define PACKAGE_VERSION "2.5.1"
| #define PACKAGE_STRING "ViennaRNA 2.5.1"
| #define PACKAGE_BUGREPORT "rna@tbi.univie.ac.at"
| #define PACKAGE_URL "https://www.tbi.univie.ac.at/RNA"
| #define HAVE_STDIO_H 1
| #define HAVE_STDLIB_H 1
| #define HAVE_STRING_H 1
| #define HAVE_INTTYPES_H 1
| #define HAVE_STDINT_H 1
| #define HAVE_STRINGS_H 1
| #define HAVE_SYS_STAT_H 1
| #define HAVE_SYS_TYPES_H 1
| #define HAVE_UNISTD_H 1
| #define HAVE_WCHAR_H 1
| #define STDC_HEADERS 1
| #define _ALL_SOURCE 1
| #define _DARWIN_C_SOURCE 1
| #define _GNU_SOURCE 1
| #define _HPUX_ALT_XOPEN_SOCKET_API 1
| #define _NETBSD_SOURCE 1
| #define _OPENBSD_SOURCE 1
| #define _POSIX_PTHREAD_SEMANTICS 1
| #define __STDC_WANT_IEC_60559_ATTRIBS_EXT__ 1
| #define __STDC_WANT_IEC_60559_BFP_EXT__ 1
| #define __STDC_WANT_IEC_60559_DFP_EXT__ 1
| #define __STDC_WANT_IEC_60559_FUNCS_EXT__ 1
| #define __STDC_WANT_IEC_60559_TYPES_EXT__ 1
| #define __STDC_WANT_LIB_EXT2__ 1
| #define __STDC_WANT_MATH_SPEC_FUNCS__ 1
| #define _TANDEM_SOURCE 1
| #define __EXTENSIONS__ 1
| #define PACKAGE "ViennaRNA"
| #define VERSION "2.5.1"
| #define UNUSED __attribute__ ((unused))
| #define HAVE_DLFCN_H 1
| #define LT_OBJDIR ".libs/"
| #define HAVE_LIBM 1
| #define HAVE__BOOL 1
| #define HAVE_STDBOOL_H 1
| #define HAVE_FLOAT_H 1
| #define HAVE_LIMITS_H 1
| #define HAVE_STDLIB_H 1
| #define HAVE_STRING_H 1
| #define HAVE_STRINGS_H 1
| #define HAVE_UNISTD_H 1
| #define HAVE_MATH_H 1
| #define HAVE_STDARG_H 1
| #define HAVE_MALLOC 1
| #define HAVE_REALLOC 1
| #define HAVE_FLOOR 1
| #define HAVE_STRDUP 1
| #define HAVE_STRSTR 1
| #define HAVE_STRCHR 1
| #define HAVE_STRRCHR 1
| #define HAVE_STRSTR 1
| #define HAVE_STRTOL 1
| #define HAVE_STRTOUL 1
| #define HAVE_POW 1
| #define HAVE_RINT 1
| #define HAVE_SQRT 1
| #define HAVE_ERAND48 1
| #define HAVE_MEMSET 1
| #define HAVE_MEMMOVE 1
| #define HAVE_ERAND48 1
| #define HAVE_ASPRINTF 1
| #define HAVE_VASPRINTF 1
| /* end confdefs.h.  */
| 
|                     #include <stdlib.h>
| int
| main (void)
| {
| printf("bla");
|   ;
|   return 0;
| }
| 
configure:22607: result: no
configure:22614: WARNING: Your linker does not support Link Time Optimizaton! Disabling LTO support!
configure:22632: WARNING: Your compiler/linker combination does not support link-time optimization (LTO)
configure:22693: checking for ./src/libsvm-3.25/svm.cpp
configure:22696: result: yes
configure:22693: checking for ./src/libsvm-3.25/svm.h
configure:22696: result: yes
configure:22773: checking for ./src/json/json.c
configure:22776: result: yes
configure:22773: checking for ./src/json/json.h
configure:22776: result: yes
configure:22878: checking for cblas_dgemm in -lgslcblas
configure:22901: gcc -o conftest -g -O2   conftest.c -lgslcblas  -lm  >&5
ld: library 'gslcblas' not found
clang: error: linker command failed with exit code 1 (use -v to see invocation)
configure:22901: $? = 1
configure: failed program was:
| /* confdefs.h */
| #define PACKAGE_NAME "ViennaRNA"
| #define PACKAGE_TARNAME "ViennaRNA"
| #define PACKAGE_VERSION "2.5.1"
| #define PACKAGE_STRING "ViennaRNA 2.5.1"
| #define PACKAGE_BUGREPORT "rna@tbi.univie.ac.at"
| #define PACKAGE_URL "https://www.tbi.univie.ac.at/RNA"
| #define HAVE_STDIO_H 1
| #define HAVE_STDLIB_H 1
| #define HAVE_STRING_H 1
| #define HAVE_INTTYPES_H 1
| #define HAVE_STDINT_H 1
| #define HAVE_STRINGS_H 1
| #define HAVE_SYS_STAT_H 1
| #define HAVE_SYS_TYPES_H 1
| #define HAVE_UNISTD_H 1
| #define HAVE_WCHAR_H 1
| #define STDC_HEADERS 1
| #define _ALL_SOURCE 1
| #define _DARWIN_C_SOURCE 1
| #define _GNU_SOURCE 1
| #define _HPUX_ALT_XOPEN_SOCKET_API 1
| #define _NETBSD_SOURCE 1
| #define _OPENBSD_SOURCE 1
| #define _POSIX_PTHREAD_SEMANTICS 1
| #define __STDC_WANT_IEC_60559_ATTRIBS_EXT__ 1
| #define __STDC_WANT_IEC_60559_BFP_EXT__ 1
| #define __STDC_WANT_IEC_60559_DFP_EXT__ 1
| #define __STDC_WANT_IEC_60559_FUNCS_EXT__ 1
| #define __STDC_WANT_IEC_60559_TYPES_EXT__ 1
| #define __STDC_WANT_LIB_EXT2__ 1
| #define __STDC_WANT_MATH_SPEC_FUNCS__ 1
| #define _TANDEM_SOURCE 1
| #define __EXTENSIONS__ 1
| #define PACKAGE "ViennaRNA"
| #define VERSION "2.5.1"
| #define UNUSED __attribute__ ((unused))
| #define HAVE_DLFCN_H 1
| #define LT_OBJDIR ".libs/"
| #define HAVE_LIBM 1
| #define HAVE__BOOL 1
| #define HAVE_STDBOOL_H 1
| #define HAVE_FLOAT_H 1
| #define HAVE_LIMITS_H 1
| #define HAVE_STDLIB_H 1
| #define HAVE_STRING_H 1
| #define HAVE_STRINGS_H 1
| #define HAVE_UNISTD_H 1
| #define HAVE_MATH_H 1
| #define HAVE_STDARG_H 1
| #define HAVE_MALLOC 1
| #define HAVE_REALLOC 1
| #define HAVE_FLOOR 1
| #define HAVE_STRDUP 1
| #define HAVE_STRSTR 1
| #define HAVE_STRCHR 1
| #define HAVE_STRRCHR 1
| #define HAVE_STRSTR 1
| #define HAVE_STRTOL 1
| #define HAVE_STRTOUL 1
| #define HAVE_POW 1
| #define HAVE_RINT 1
| #define HAVE_SQRT 1
| #define HAVE_ERAND48 1
| #define HAVE_MEMSET 1
| #define HAVE_MEMMOVE 1
| #define HAVE_ERAND48 1
| #define HAVE_ASPRINTF 1
| #define HAVE_VASPRINTF 1
| #define VRNA_WITH_SVM 1
| #define VRNA_WITH_JSON_SUPPORT 1
| /* end confdefs.h.  */
| 
| /* Override any GCC internal prototype to avoid an error.
|    Use char because int might match the return type of a GCC
|    builtin and then its argument prototype would still apply.  */
| char cblas_dgemm ();
| int
| main (void)
| {
| return cblas_dgemm ();
|   ;
|   return 0;
| }
configure:22911: result: no
configure:22921: checking for gsl_blas_dgemm in -lgsl
configure:22944: gcc -o conftest -g -O2   conftest.c -lgsl  -lm  >&5
ld: library 'gsl' not found
clang: error: linker command failed with exit code 1 (use -v to see invocation)
configure:22944: $? = 1
configure: failed program was:
| /* confdefs.h */
| #define PACKAGE_NAME "ViennaRNA"
| #define PACKAGE_TARNAME "ViennaRNA"
| #define PACKAGE_VERSION "2.5.1"
| #define PACKAGE_STRING "ViennaRNA 2.5.1"
| #define PACKAGE_BUGREPORT "rna@tbi.univie.ac.at"
| #define PACKAGE_URL "https://www.tbi.univie.ac.at/RNA"
| #define HAVE_STDIO_H 1
| #define HAVE_STDLIB_H 1
| #define HAVE_STRING_H 1
| #define HAVE_INTTYPES_H 1
| #define HAVE_STDINT_H 1
| #define HAVE_STRINGS_H 1
| #define HAVE_SYS_STAT_H 1
| #define HAVE_SYS_TYPES_H 1
| #define HAVE_UNISTD_H 1
| #define HAVE_WCHAR_H 1
| #define STDC_HEADERS 1
| #define _ALL_SOURCE 1
| #define _DARWIN_C_SOURCE 1
| #define _GNU_SOURCE 1
| #define _HPUX_ALT_XOPEN_SOCKET_API 1
| #define _NETBSD_SOURCE 1
| #define _OPENBSD_SOURCE 1
| #define _POSIX_PTHREAD_SEMANTICS 1
| #define __STDC_WANT_IEC_60559_ATTRIBS_EXT__ 1
| #define __STDC_WANT_IEC_60559_BFP_EXT__ 1
| #define __STDC_WANT_IEC_60559_DFP_EXT__ 1
| #define __STDC_WANT_IEC_60559_FUNCS_EXT__ 1
| #define __STDC_WANT_IEC_60559_TYPES_EXT__ 1
| #define __STDC_WANT_LIB_EXT2__ 1
| #define __STDC_WANT_MATH_SPEC_FUNCS__ 1
| #define _TANDEM_SOURCE 1
| #define __EXTENSIONS__ 1
| #define PACKAGE "ViennaRNA"
| #define VERSION "2.5.1"
| #define UNUSED __attribute__ ((unused))
| #define HAVE_DLFCN_H 1
| #define LT_OBJDIR ".libs/"
| #define HAVE_LIBM 1
| #define HAVE__BOOL 1
| #define HAVE_STDBOOL_H 1
| #define HAVE_FLOAT_H 1
| #define HAVE_LIMITS_H 1
| #define HAVE_STDLIB_H 1
| #define HAVE_STRING_H 1
| #define HAVE_STRINGS_H 1
| #define HAVE_UNISTD_H 1
| #define HAVE_MATH_H 1
| #define HAVE_STDARG_H 1
| #define HAVE_MALLOC 1
| #define HAVE_REALLOC 1
| #define HAVE_FLOOR 1
| #define HAVE_STRDUP 1
| #define HAVE_STRSTR 1
| #define HAVE_STRCHR 1
| #define HAVE_STRRCHR 1
| #define HAVE_STRSTR 1
| #define HAVE_STRTOL 1
| #define HAVE_STRTOUL 1
| #define HAVE_POW 1
| #define HAVE_RINT 1
| #define HAVE_SQRT 1
| #define HAVE_ERAND48 1
| #define HAVE_MEMSET 1
| #define HAVE_MEMMOVE 1
| #define HAVE_ERAND48 1
| #define HAVE_ASPRINTF 1
| #define HAVE_VASPRINTF 1
| #define VRNA_WITH_SVM 1
| #define VRNA_WITH_JSON_SUPPORT 1
| /* end confdefs.h.  */
| 
| /* Override any GCC internal prototype to avoid an error.
|    Use char because int might match the return type of a GCC
|    builtin and then its argument prototype would still apply.  */
| char gsl_blas_dgemm ();
| int
| main (void)
| {
| return gsl_blas_dgemm ();
|   ;
|   return 0;
| }
configure:22954: result: no
configure:22966: WARNING: "Can't find libgsl. Falling back to default implementation."
configure:23064: checking for OpenMP flag of C compiler
configure:23107: gcc -o conftest -g -O2 -fopenmp   conftest.c -lm  >&5
clang: error: unsupported option '-fopenmp'
clang: error: unsupported option '-fopenmp'
configure:23107: $? = 1
configure: failed program was:
| /* confdefs.h */
| #define PACKAGE_NAME "ViennaRNA"
| #define PACKAGE_TARNAME "ViennaRNA"
| #define PACKAGE_VERSION "2.5.1"
| #define PACKAGE_STRING "ViennaRNA 2.5.1"
| #define PACKAGE_BUGREPORT "rna@tbi.univie.ac.at"
| #define PACKAGE_URL "https://www.tbi.univie.ac.at/RNA"
| #define HAVE_STDIO_H 1
| #define HAVE_STDLIB_H 1
| #define HAVE_STRING_H 1
| #define HAVE_INTTYPES_H 1
| #define HAVE_STDINT_H 1
| #define HAVE_STRINGS_H 1
| #define HAVE_SYS_STAT_H 1
| #define HAVE_SYS_TYPES_H 1
| #define HAVE_UNISTD_H 1
| #define HAVE_WCHAR_H 1
| #define STDC_HEADERS 1
| #define _ALL_SOURCE 1
| #define _DARWIN_C_SOURCE 1
| #define _GNU_SOURCE 1
| #define _HPUX_ALT_XOPEN_SOCKET_API 1
| #define _NETBSD_SOURCE 1
| #define _OPENBSD_SOURCE 1
| #define _POSIX_PTHREAD_SEMANTICS 1
| #define __STDC_WANT_IEC_60559_ATTRIBS_EXT__ 1
| #define __STDC_WANT_IEC_60559_BFP_EXT__ 1
| #define __STDC_WANT_IEC_60559_DFP_EXT__ 1
| #define __STDC_WANT_IEC_60559_FUNCS_EXT__ 1
| #define __STDC_WANT_IEC_60559_TYPES_EXT__ 1
| #define __STDC_WANT_LIB_EXT2__ 1
| #define __STDC_WANT_MATH_SPEC_FUNCS__ 1
| #define _TANDEM_SOURCE 1
| #define __EXTENSIONS__ 1
| #define PACKAGE "ViennaRNA"
| #define VERSION "2.5.1"
| #define UNUSED __attribute__ ((unused))
| #define HAVE_DLFCN_H 1
| #define LT_OBJDIR ".libs/"
| #define HAVE_LIBM 1
| #define HAVE__BOOL 1
| #define HAVE_STDBOOL_H 1
| #define HAVE_FLOAT_H 1
| #define HAVE_LIMITS_H 1
| #define HAVE_STDLIB_H 1
| #define HAVE_STRING_H 1
| #define HAVE_STRINGS_H 1
| #define HAVE_UNISTD_H 1
| #define HAVE_MATH_H 1
| #define HAVE_STDARG_H 1
| #define HAVE_MALLOC 1
| #define HAVE_REALLOC 1
| #define HAVE_FLOOR 1
| #define HAVE_STRDUP 1
| #define HAVE_STRSTR 1
| #define HAVE_STRCHR 1
| #define HAVE_STRRCHR 1
| #define HAVE_STRSTR 1
| #define HAVE_STRTOL 1
| #define HAVE_STRTOUL 1
| #define HAVE_POW 1
| #define HAVE_RINT 1
| #define HAVE_SQRT 1
| #define HAVE_ERAND48 1
| #define HAVE_MEMSET 1
| #define HAVE_MEMMOVE 1
| #define HAVE_ERAND48 1
| #define HAVE_ASPRINTF 1
| #define HAVE_VASPRINTF 1
| #define VRNA_WITH_SVM 1
| #define VRNA_WITH_JSON_SUPPORT 1
| /* end confdefs.h.  */
| 
| #include <omp.h>
| 
| static void
| parallel_fill(int * data, int n)
| {
|   int i;
| #pragma omp parallel for
|   for (i = 0; i < n; ++i)
|     data[i] = i;
| }
| 
| int
| main()
| {
|   int arr[100000];
|   omp_set_num_threads(2);
|   parallel_fill(arr, 100000);
|   return 0;
| }
| 
configure:23107: gcc -o conftest -g -O2 -openmp   conftest.c -lm  >&5
conftest.c:74:10: fatal error: 'omp.h' file not found
   74 | #include <omp.h>
      |          ^~~~~~~
1 error generated.
configure:23107: $? = 1
configure: failed program was:
| /* confdefs.h */
| #define PACKAGE_NAME "ViennaRNA"
| #define PACKAGE_TARNAME "ViennaRNA"
| #define PACKAGE_VERSION "2.5.1"
| #define PACKAGE_STRING "ViennaRNA 2.5.1"
| #define PACKAGE_BUGREPORT "rna@tbi.univie.ac.at"
| #define PACKAGE_URL "https://www.tbi.univie.ac.at/RNA"
| #define HAVE_STDIO_H 1
| #define HAVE_STDLIB_H 1
| #define HAVE_STRING_H 1
| #define HAVE_INTTYPES_H 1
| #define HAVE_STDINT_H 1
| #define HAVE_STRINGS_H 1
| #define HAVE_SYS_STAT_H 1
| #define HAVE_SYS_TYPES_H 1
| #define HAVE_UNISTD_H 1
| #define HAVE_WCHAR_H 1
| #define STDC_HEADERS 1
| #define _ALL_SOURCE 1
| #define _DARWIN_C_SOURCE 1
| #define _GNU_SOURCE 1
| #define _HPUX_ALT_XOPEN_SOCKET_API 1
| #define _NETBSD_SOURCE 1
| #define _OPENBSD_SOURCE 1
| #define _POSIX_PTHREAD_SEMANTICS 1
| #define __STDC_WANT_IEC_60559_ATTRIBS_EXT__ 1
| #define __STDC_WANT_IEC_60559_BFP_EXT__ 1
| #define __STDC_WANT_IEC_60559_DFP_EXT__ 1
| #define __STDC_WANT_IEC_60559_FUNCS_EXT__ 1
| #define __STDC_WANT_IEC_60559_TYPES_EXT__ 1
| #define __STDC_WANT_LIB_EXT2__ 1
| #define __STDC_WANT_MATH_SPEC_FUNCS__ 1
| #define _TANDEM_SOURCE 1
| #define __EXTENSIONS__ 1
| #define PACKAGE "ViennaRNA"
| #define VERSION "2.5.1"
| #define UNUSED __attribute__ ((unused))
| #define HAVE_DLFCN_H 1
| #define LT_OBJDIR ".libs/"
| #define HAVE_LIBM 1
| #define HAVE__BOOL 1
| #define HAVE_STDBOOL_H 1
| #define HAVE_FLOAT_H 1
| #define HAVE_LIMITS_H 1
| #define HAVE_STDLIB_H 1
| #define HAVE_STRING_H 1
| #define HAVE_STRINGS_H 1
| #define HAVE_UNISTD_H 1
| #define HAVE_MATH_H 1
| #define HAVE_STDARG_H 1
| #define HAVE_MALLOC 1
| #define HAVE_REALLOC 1
| #define HAVE_FLOOR 1
| #define HAVE_STRDUP 1
| #define HAVE_STRSTR 1
| #define HAVE_STRCHR 1
| #define HAVE_STRRCHR 1
| #define HAVE_STRSTR 1
| #define HAVE_STRTOL 1
| #define HAVE_STRTOUL 1
| #define HAVE_POW 1
| #define HAVE_RINT 1
| #define HAVE_SQRT 1
| #define HAVE_ERAND48 1
| #define HAVE_MEMSET 1
| #define HAVE_MEMMOVE 1
| #define HAVE_ERAND48 1
| #define HAVE_ASPRINTF 1
| #define HAVE_VASPRINTF 1
| #define VRNA_WITH_SVM 1
| #define VRNA_WITH_JSON_SUPPORT 1
| /* end confdefs.h.  */
| 
| #include <omp.h>
| 
| static void
| parallel_fill(int * data, int n)
| {
|   int i;
| #pragma omp parallel for
|   for (i = 0; i < n; ++i)
|     data[i] = i;
| }
| 
| int
| main()
| {
|   int arr[100000];
|   omp_set_num_threads(2);
|   parallel_fill(arr, 100000);
|   return 0;
| }
| 
configure:23107: gcc -o conftest -g -O2 -mp   conftest.c -lm  >&5
clang: error: unknown argument: '-mp'
configure:23107: $? = 1
configure: failed program was:
| /* confdefs.h */
| #define PACKAGE_NAME "ViennaRNA"
| #define PACKAGE_TARNAME "ViennaRNA"
| #define PACKAGE_VERSION "2.5.1"
| #define PACKAGE_STRING "ViennaRNA 2.5.1"
| #define PACKAGE_BUGREPORT "rna@tbi.univie.ac.at"
| #define PACKAGE_URL "https://www.tbi.univie.ac.at/RNA"
| #define HAVE_STDIO_H 1
| #define HAVE_STDLIB_H 1
| #define HAVE_STRING_H 1
| #define HAVE_INTTYPES_H 1
| #define HAVE_STDINT_H 1
| #define HAVE_STRINGS_H 1
| #define HAVE_SYS_STAT_H 1
| #define HAVE_SYS_TYPES_H 1
| #define HAVE_UNISTD_H 1
| #define HAVE_WCHAR_H 1
| #define STDC_HEADERS 1
| #define _ALL_SOURCE 1
| #define _DARWIN_C_SOURCE 1
| #define _GNU_SOURCE 1
| #define _HPUX_ALT_XOPEN_SOCKET_API 1
| #define _NETBSD_SOURCE 1
| #define _OPENBSD_SOURCE 1
| #define _POSIX_PTHREAD_SEMANTICS 1
| #define __STDC_WANT_IEC_60559_ATTRIBS_EXT__ 1
| #define __STDC_WANT_IEC_60559_BFP_EXT__ 1
| #define __STDC_WANT_IEC_60559_DFP_EXT__ 1
| #define __STDC_WANT_IEC_60559_FUNCS_EXT__ 1
| #define __STDC_WANT_IEC_60559_TYPES_EXT__ 1
| #define __STDC_WANT_LIB_EXT2__ 1
| #define __STDC_WANT_MATH_SPEC_FUNCS__ 1
| #define _TANDEM_SOURCE 1
| #define __EXTENSIONS__ 1
| #define PACKAGE "ViennaRNA"
| #define VERSION "2.5.1"
| #define UNUSED __attribute__ ((unused))
| #define HAVE_DLFCN_H 1
| #define LT_OBJDIR ".libs/"
| #define HAVE_LIBM 1
| #define HAVE__BOOL 1
| #define HAVE_STDBOOL_H 1
| #define HAVE_FLOAT_H 1
| #define HAVE_LIMITS_H 1
| #define HAVE_STDLIB_H 1
| #define HAVE_STRING_H 1
| #define HAVE_STRINGS_H 1
| #define HAVE_UNISTD_H 1
| #define HAVE_MATH_H 1
| #define HAVE_STDARG_H 1
| #define HAVE_MALLOC 1
| #define HAVE_REALLOC 1
| #define HAVE_FLOOR 1
| #define HAVE_STRDUP 1
| #define HAVE_STRSTR 1
| #define HAVE_STRCHR 1
| #define HAVE_STRRCHR 1
| #define HAVE_STRSTR 1
| #define HAVE_STRTOL 1
| #define HAVE_STRTOUL 1
| #define HAVE_POW 1
| #define HAVE_RINT 1
| #define HAVE_SQRT 1
| #define HAVE_ERAND48 1
| #define HAVE_MEMSET 1
| #define HAVE_MEMMOVE 1
| #define HAVE_ERAND48 1
| #define HAVE_ASPRINTF 1
| #define HAVE_VASPRINTF 1
| #define VRNA_WITH_SVM 1
| #define VRNA_WITH_JSON_SUPPORT 1
| /* end confdefs.h.  */
| 
| #include <omp.h>
| 
| static void
| parallel_fill(int * data, int n)
| {
|   int i;
| #pragma omp parallel for
|   for (i = 0; i < n; ++i)
|     data[i] = i;
| }
| 
| int
| main()
| {
|   int arr[100000];
|   omp_set_num_threads(2);
|   parallel_fill(arr, 100000);
|   return 0;
| }
| 
configure:23107: gcc -o conftest -g -O2 -xopenmp   conftest.c -lm  >&5
clang: error: language not recognized: 'openmp'
configure:23107: $? = 1
configure: failed program was:
| /* confdefs.h */
| #define PACKAGE_NAME "ViennaRNA"
| #define PACKAGE_TARNAME "ViennaRNA"
| #define PACKAGE_VERSION "2.5.1"
| #define PACKAGE_STRING "ViennaRNA 2.5.1"
| #define PACKAGE_BUGREPORT "rna@tbi.univie.ac.at"
| #define PACKAGE_URL "https://www.tbi.univie.ac.at/RNA"
| #define HAVE_STDIO_H 1
| #define HAVE_STDLIB_H 1
| #define HAVE_STRING_H 1
| #define HAVE_INTTYPES_H 1
| #define HAVE_STDINT_H 1
| #define HAVE_STRINGS_H 1
| #define HAVE_SYS_STAT_H 1
| #define HAVE_SYS_TYPES_H 1
| #define HAVE_UNISTD_H 1
| #define HAVE_WCHAR_H 1
| #define STDC_HEADERS 1
| #define _ALL_SOURCE 1
| #define _DARWIN_C_SOURCE 1
| #define _GNU_SOURCE 1
| #define _HPUX_ALT_XOPEN_SOCKET_API 1
| #define _NETBSD_SOURCE 1
| #define _OPENBSD_SOURCE 1
| #define _POSIX_PTHREAD_SEMANTICS 1
| #define __STDC_WANT_IEC_60559_ATTRIBS_EXT__ 1
| #define __STDC_WANT_IEC_60559_BFP_EXT__ 1
| #define __STDC_WANT_IEC_60559_DFP_EXT__ 1
| #define __STDC_WANT_IEC_60559_FUNCS_EXT__ 1
| #define __STDC_WANT_IEC_60559_TYPES_EXT__ 1
| #define __STDC_WANT_LIB_EXT2__ 1
| #define __STDC_WANT_MATH_SPEC_FUNCS__ 1
| #define _TANDEM_SOURCE 1
| #define __EXTENSIONS__ 1
| #define PACKAGE "ViennaRNA"
| #define VERSION "2.5.1"
| #define UNUSED __attribute__ ((unused))
| #define HAVE_DLFCN_H 1
| #define LT_OBJDIR ".libs/"
| #define HAVE_LIBM 1
| #define HAVE__BOOL 1
| #define HAVE_STDBOOL_H 1
| #define HAVE_FLOAT_H 1
| #define HAVE_LIMITS_H 1
| #define HAVE_STDLIB_H 1
| #define HAVE_STRING_H 1
| #define HAVE_STRINGS_H 1
| #define HAVE_UNISTD_H 1
| #define HAVE_MATH_H 1
| #define HAVE_STDARG_H 1
| #define HAVE_MALLOC 1
| #define HAVE_REALLOC 1
| #define HAVE_FLOOR 1
| #define HAVE_STRDUP 1
| #define HAVE_STRSTR 1
| #define HAVE_STRCHR 1
| #define HAVE_STRRCHR 1
| #define HAVE_STRSTR 1
| #define HAVE_STRTOL 1
| #define HAVE_STRTOUL 1
| #define HAVE_POW 1
| #define HAVE_RINT 1
| #define HAVE_SQRT 1
| #define HAVE_ERAND48 1
| #define HAVE_MEMSET 1
| #define HAVE_MEMMOVE 1
| #define HAVE_ERAND48 1
| #define HAVE_ASPRINTF 1
| #define HAVE_VASPRINTF 1
| #define VRNA_WITH_SVM 1
| #define VRNA_WITH_JSON_SUPPORT 1
| /* end confdefs.h.  */
| 
| #include <omp.h>
| 
| static void
| parallel_fill(int * data, int n)
| {
|   int i;
| #pragma omp parallel for
|   for (i = 0; i < n; ++i)
|     data[i] = i;
| }
| 
| int
| main()
| {
|   int arr[100000];
|   omp_set_num_threads(2);
|   parallel_fill(arr, 100000);
|   return 0;
| }
| 
configure:23107: gcc -o conftest -g -O2 -omp   conftest.c -lm  >&5
conftest.c:74:10: fatal error: 'omp.h' file not found
   74 | #include <omp.h>
      |          ^~~~~~~
1 error generated.
configure:23107: $? = 1
configure: failed program was:
| /* confdefs.h */
| #define PACKAGE_NAME "ViennaRNA"
| #define PACKAGE_TARNAME "ViennaRNA"
| #define PACKAGE_VERSION "2.5.1"
| #define PACKAGE_STRING "ViennaRNA 2.5.1"
| #define PACKAGE_BUGREPORT "rna@tbi.univie.ac.at"
| #define PACKAGE_URL "https://www.tbi.univie.ac.at/RNA"
| #define HAVE_STDIO_H 1
| #define HAVE_STDLIB_H 1
| #define HAVE_STRING_H 1
| #define HAVE_INTTYPES_H 1
| #define HAVE_STDINT_H 1
| #define HAVE_STRINGS_H 1
| #define HAVE_SYS_STAT_H 1
| #define HAVE_SYS_TYPES_H 1
| #define HAVE_UNISTD_H 1
| #define HAVE_WCHAR_H 1
| #define STDC_HEADERS 1
| #define _ALL_SOURCE 1
| #define _DARWIN_C_SOURCE 1
| #define _GNU_SOURCE 1
| #define _HPUX_ALT_XOPEN_SOCKET_API 1
| #define _NETBSD_SOURCE 1
| #define _OPENBSD_SOURCE 1
| #define _POSIX_PTHREAD_SEMANTICS 1
| #define __STDC_WANT_IEC_60559_ATTRIBS_EXT__ 1
| #define __STDC_WANT_IEC_60559_BFP_EXT__ 1
| #define __STDC_WANT_IEC_60559_DFP_EXT__ 1
| #define __STDC_WANT_IEC_60559_FUNCS_EXT__ 1
| #define __STDC_WANT_IEC_60559_TYPES_EXT__ 1
| #define __STDC_WANT_LIB_EXT2__ 1
| #define __STDC_WANT_MATH_SPEC_FUNCS__ 1
| #define _TANDEM_SOURCE 1
| #define __EXTENSIONS__ 1
| #define PACKAGE "ViennaRNA"
| #define VERSION "2.5.1"
| #define UNUSED __attribute__ ((unused))
| #define HAVE_DLFCN_H 1
| #define LT_OBJDIR ".libs/"
| #define HAVE_LIBM 1
| #define HAVE__BOOL 1
| #define HAVE_STDBOOL_H 1
| #define HAVE_FLOAT_H 1
| #define HAVE_LIMITS_H 1
| #define HAVE_STDLIB_H 1
| #define HAVE_STRING_H 1
| #define HAVE_STRINGS_H 1
| #define HAVE_UNISTD_H 1
| #define HAVE_MATH_H 1
| #define HAVE_STDARG_H 1
| #define HAVE_MALLOC 1
| #define HAVE_REALLOC 1
| #define HAVE_FLOOR 1
| #define HAVE_STRDUP 1
| #define HAVE_STRSTR 1
| #define HAVE_STRCHR 1
| #define HAVE_STRRCHR 1
| #define HAVE_STRSTR 1
| #define HAVE_STRTOL 1
| #define HAVE_STRTOUL 1
| #define HAVE_POW 1
| #define HAVE_RINT 1
| #define HAVE_SQRT 1
| #define HAVE_ERAND48 1
| #define HAVE_MEMSET 1
| #define HAVE_MEMMOVE 1
| #define HAVE_ERAND48 1
| #define HAVE_ASPRINTF 1
| #define HAVE_VASPRINTF 1
| #define VRNA_WITH_SVM 1
| #define VRNA_WITH_JSON_SUPPORT 1
| /* end confdefs.h.  */
| 
| #include <omp.h>
| 
| static void
| parallel_fill(int * data, int n)
| {
|   int i;
| #pragma omp parallel for
|   for (i = 0; i < n; ++i)
|     data[i] = i;
| }
| 
| int
| main()
| {
|   int arr[100000];
|   omp_set_num_threads(2);
|   parallel_fill(arr, 100000);
|   return 0;
| }
| 
configure:23107: gcc -o conftest -g -O2 -qsmp=omp   conftest.c -lm  >&5
clang: error: unknown argument: '-qsmp=omp'
configure:23107: $? = 1
configure: failed program was:
| /* confdefs.h */
| #define PACKAGE_NAME "ViennaRNA"
| #define PACKAGE_TARNAME "ViennaRNA"
| #define PACKAGE_VERSION "2.5.1"
| #define PACKAGE_STRING "ViennaRNA 2.5.1"
| #define PACKAGE_BUGREPORT "rna@tbi.univie.ac.at"
| #define PACKAGE_URL "https://www.tbi.univie.ac.at/RNA"
| #define HAVE_STDIO_H 1
| #define HAVE_STDLIB_H 1
| #define HAVE_STRING_H 1
| #define HAVE_INTTYPES_H 1
| #define HAVE_STDINT_H 1
| #define HAVE_STRINGS_H 1
| #define HAVE_SYS_STAT_H 1
| #define HAVE_SYS_TYPES_H 1
| #define HAVE_UNISTD_H 1
| #define HAVE_WCHAR_H 1
| #define STDC_HEADERS 1
| #define _ALL_SOURCE 1
| #define _DARWIN_C_SOURCE 1
| #define _GNU_SOURCE 1
| #define _HPUX_ALT_XOPEN_SOCKET_API 1
| #define _NETBSD_SOURCE 1
| #define _OPENBSD_SOURCE 1
| #define _POSIX_PTHREAD_SEMANTICS 1
| #define __STDC_WANT_IEC_60559_ATTRIBS_EXT__ 1
| #define __STDC_WANT_IEC_60559_BFP_EXT__ 1
| #define __STDC_WANT_IEC_60559_DFP_EXT__ 1
| #define __STDC_WANT_IEC_60559_FUNCS_EXT__ 1
| #define __STDC_WANT_IEC_60559_TYPES_EXT__ 1
| #define __STDC_WANT_LIB_EXT2__ 1
| #define __STDC_WANT_MATH_SPEC_FUNCS__ 1
| #define _TANDEM_SOURCE 1
| #define __EXTENSIONS__ 1
| #define PACKAGE "ViennaRNA"
| #define VERSION "2.5.1"
| #define UNUSED __attribute__ ((unused))
| #define HAVE_DLFCN_H 1
| #define LT_OBJDIR ".libs/"
| #define HAVE_LIBM 1
| #define HAVE__BOOL 1
| #define HAVE_STDBOOL_H 1
| #define HAVE_FLOAT_H 1
| #define HAVE_LIMITS_H 1
| #define HAVE_STDLIB_H 1
| #define HAVE_STRING_H 1
| #define HAVE_STRINGS_H 1
| #define HAVE_UNISTD_H 1
| #define HAVE_MATH_H 1
| #define HAVE_STDARG_H 1
| #define HAVE_MALLOC 1
| #define HAVE_REALLOC 1
| #define HAVE_FLOOR 1
| #define HAVE_STRDUP 1
| #define HAVE_STRSTR 1
| #define HAVE_STRCHR 1
| #define HAVE_STRRCHR 1
| #define HAVE_STRSTR 1
| #define HAVE_STRTOL 1
| #define HAVE_STRTOUL 1
| #define HAVE_POW 1
| #define HAVE_RINT 1
| #define HAVE_SQRT 1
| #define HAVE_ERAND48 1
| #define HAVE_MEMSET 1
| #define HAVE_MEMMOVE 1
| #define HAVE_ERAND48 1
| #define HAVE_ASPRINTF 1
| #define HAVE_VASPRINTF 1
| #define VRNA_WITH_SVM 1
| #define VRNA_WITH_JSON_SUPPORT 1
| /* end confdefs.h.  */
| 
| #include <omp.h>
| 
| static void
| parallel_fill(int * data, int n)
| {
|   int i;
| #pragma omp parallel for
|   for (i = 0; i < n; ++i)
|     data[i] = i;
| }
| 
| int
| main()
| {
|   int arr[100000];
|   omp_set_num_threads(2);
|   parallel_fill(arr, 100000);
|   return 0;
| }
| 
configure:23107: gcc -o conftest    conftest.c -lm  >&5
conftest.c:74:10: fatal error: 'omp.h' file not found
   74 | #include <omp.h>
      |          ^~~~~~~
1 error generated.
configure:23107: $? = 1
configure: failed program was:
| /* confdefs.h */
| #define PACKAGE_NAME "ViennaRNA"
| #define PACKAGE_TARNAME "ViennaRNA"
| #define PACKAGE_VERSION "2.5.1"
| #define PACKAGE_STRING "ViennaRNA 2.5.1"
| #define PACKAGE_BUGREPORT "rna@tbi.univie.ac.at"
| #define PACKAGE_URL "https://www.tbi.univie.ac.at/RNA"
| #define HAVE_STDIO_H 1
| #define HAVE_STDLIB_H 1
| #define HAVE_STRING_H 1
| #define HAVE_INTTYPES_H 1
| #define HAVE_STDINT_H 1
| #define HAVE_STRINGS_H 1
| #define HAVE_SYS_STAT_H 1
| #define HAVE_SYS_TYPES_H 1
| #define HAVE_UNISTD_H 1
| #define HAVE_WCHAR_H 1
| #define STDC_HEADERS 1
| #define _ALL_SOURCE 1
| #define _DARWIN_C_SOURCE 1
| #define _GNU_SOURCE 1
| #define _HPUX_ALT_XOPEN_SOCKET_API 1
| #define _NETBSD_SOURCE 1
| #define _OPENBSD_SOURCE 1
| #define _POSIX_PTHREAD_SEMANTICS 1
| #define __STDC_WANT_IEC_60559_ATTRIBS_EXT__ 1
| #define __STDC_WANT_IEC_60559_BFP_EXT__ 1
| #define __STDC_WANT_IEC_60559_DFP_EXT__ 1
| #define __STDC_WANT_IEC_60559_FUNCS_EXT__ 1
| #define __STDC_WANT_IEC_60559_TYPES_EXT__ 1
| #define __STDC_WANT_LIB_EXT2__ 1
| #define __STDC_WANT_MATH_SPEC_FUNCS__ 1
| #define _TANDEM_SOURCE 1
| #define __EXTENSIONS__ 1
| #define PACKAGE "ViennaRNA"
| #define VERSION "2.5.1"
| #define UNUSED __attribute__ ((unused))
| #define HAVE_DLFCN_H 1
| #define LT_OBJDIR ".libs/"
| #define HAVE_LIBM 1
| #define HAVE__BOOL 1
| #define HAVE_STDBOOL_H 1
| #define HAVE_FLOAT_H 1
| #define HAVE_LIMITS_H 1
| #define HAVE_STDLIB_H 1
| #define HAVE_STRING_H 1
| #define HAVE_STRINGS_H 1
| #define HAVE_UNISTD_H 1
| #define HAVE_MATH_H 1
| #define HAVE_STDARG_H 1
| #define HAVE_MALLOC 1
| #define HAVE_REALLOC 1
| #define HAVE_FLOOR 1
| #define HAVE_STRDUP 1
| #define HAVE_STRSTR 1
| #define HAVE_STRCHR 1
| #define HAVE_STRRCHR 1
| #define HAVE_STRSTR 1
| #define HAVE_STRTOL 1
| #define HAVE_STRTOUL 1
| #define HAVE_POW 1
| #define HAVE_RINT 1
| #define HAVE_SQRT 1
| #define HAVE_ERAND48 1
| #define HAVE_MEMSET 1
| #define HAVE_MEMMOVE 1
| #define HAVE_ERAND48 1
| #define HAVE_ASPRINTF 1
| #define HAVE_VASPRINTF 1
| #define VRNA_WITH_SVM 1
| #define VRNA_WITH_JSON_SUPPORT 1
| /* end confdefs.h.  */
| 
| #include <omp.h>
| 
| static void
| parallel_fill(int * data, int n)
| {
|   int i;
| #pragma omp parallel for
|   for (i = 0; i < n; ++i)
|     data[i] = i;
| }
| 
| int
| main()
| {
|   int arr[100000];
|   omp_set_num_threads(2);
|   parallel_fill(arr, 100000);
|   return 0;
| }
| 
configure:23117: result: unknown
configure:23456: checking whether gcc is Clang
configure:23483: result: yes
configure:23548: checking whether pthreads work with "-pthread" and "-lpthread"
configure:23659: gcc -o conftest -g -O2 -pthread   conftest.c -lpthread -lm  >&5
configure:23659: $? = 0
configure:23669: result: yes
configure:23718: checking whether Clang needs flag to prevent "argument unused" warning when linking with -pthread
configure:23745: gcc -o conftest -Werror -Wunknown-warning-option  -pthread -g -O2   conftest.c -lm  >&5
configure:23745: $? = 0
configure:23752: (gcc -c -Werror -Wunknown-warning-option  -pthread -g -O2  conftest.c >&5) && (echo ==== >&5) && (gcc -o conftest -Werror -Wunknown-warning-option  -pthread -g -O2   conftest.o -lm  >&5)
====
configure:23752: $? = 0
configure:23772: result: no
configure:23792: checking for joinable pthread attribute
configure:23811: gcc -o conftest -g -O2 -pthread   conftest.c -lpthread -lm  >&5
configure:23811: $? = 0
configure:23820: result: PTHREAD_CREATE_JOINABLE
configure:23833: checking whether more special flags are required for pthreads
configure:23847: result: no
configure:23856: checking for PTHREAD_PRIO_INHERIT
configure:23874: gcc -o conftest -g -O2 -pthread   conftest.c -lpthread -lm  >&5
configure:23874: $? = 0
configure:23884: result: yes
configure:24647: checking compiler support for AVX 512 instructions
configure:24683: gcc -c -g -O2 -Werror -mavx512f  conftest.c >&5
clang: error: argument unused during compilation: '-mavx512f' [-Werror,-Wunused-command-line-argument]
configure:24683: $? = 1
configure: failed program was:
| /* confdefs.h */
| #define PACKAGE_NAME "ViennaRNA"
| #define PACKAGE_TARNAME "ViennaRNA"
| #define PACKAGE_VERSION "2.5.1"
| #define PACKAGE_STRING "ViennaRNA 2.5.1"
| #define PACKAGE_BUGREPORT "rna@tbi.univie.ac.at"
| #define PACKAGE_URL "https://www.tbi.univie.ac.at/RNA"
| #define HAVE_STDIO_H 1
| #define HAVE_STDLIB_H 1
| #define HAVE_STRING_H 1
| #define HAVE_INTTYPES_H 1
| #define HAVE_STDINT_H 1
| #define HAVE_STRINGS_H 1
| #define HAVE_SYS_STAT_H 1
| #define HAVE_SYS_TYPES_H 1
| #define HAVE_UNISTD_H 1
| #define HAVE_WCHAR_H 1
| #define STDC_HEADERS 1
| #define _ALL_SOURCE 1
| #define _DARWIN_C_SOURCE 1
| #define _GNU_SOURCE 1
| #define _HPUX_ALT_XOPEN_SOCKET_API 1
| #define _NETBSD_SOURCE 1
| #define _OPENBSD_SOURCE 1
| #define _POSIX_PTHREAD_SEMANTICS 1
| #define __STDC_WANT_IEC_60559_ATTRIBS_EXT__ 1
| #define __STDC_WANT_IEC_60559_BFP_EXT__ 1
| #define __STDC_WANT_IEC_60559_DFP_EXT__ 1
| #define __STDC_WANT_IEC_60559_FUNCS_EXT__ 1
| #define __STDC_WANT_IEC_60559_TYPES_EXT__ 1
| #define __STDC_WANT_LIB_EXT2__ 1
| #define __STDC_WANT_MATH_SPEC_FUNCS__ 1
| #define _TANDEM_SOURCE 1
| #define __EXTENSIONS__ 1
| #define PACKAGE "ViennaRNA"
| #define VERSION "2.5.1"
| #define UNUSED __attribute__ ((unused))
| #define HAVE_DLFCN_H 1
| #define LT_OBJDIR ".libs/"
| #define HAVE_LIBM 1
| #define HAVE__BOOL 1
| #define HAVE_STDBOOL_H 1
| #define HAVE_FLOAT_H 1
| #define HAVE_LIMITS_H 1
| #define HAVE_STDLIB_H 1
| #define HAVE_STRING_H 1
| #define HAVE_STRINGS_H 1
| #define HAVE_UNISTD_H 1
| #define HAVE_MATH_H 1
| #define HAVE_STDARG_H 1
| #define HAVE_MALLOC 1
| #define HAVE_REALLOC 1
| #define HAVE_FLOOR 1
| #define HAVE_STRDUP 1
| #define HAVE_STRSTR 1
| #define HAVE_STRCHR 1
| #define HAVE_STRRCHR 1
| #define HAVE_STRSTR 1
| #define HAVE_STRTOL 1
| #define HAVE_STRTOUL 1
| #define HAVE_POW 1
| #define HAVE_RINT 1
| #define HAVE_SQRT 1
| #define HAVE_ERAND48 1
| #define HAVE_MEMSET 1
| #define HAVE_MEMMOVE 1
| #define HAVE_ERAND48 1
| #define HAVE_ASPRINTF 1
| #define HAVE_VASPRINTF 1
| #define VRNA_WITH_SVM 1
| #define VRNA_WITH_JSON_SUPPORT 1
| #define HAVE_PTHREAD_PRIO_INHERIT 1
| #define VRNA_WITH_PTHREADS 1
| /* end confdefs.h.  */
| 
| 
|                   #include <immintrin.h>
|                   #include <limits.h>
| 
| int
| main (void)
| {
| __m512i a = _mm512_set1_epi32(INT_MAX);
|                     __m512i b = _mm512_set1_epi32(INT_MIN);
|                     __m512i c = _mm512_set1_epi32(INT_MIN);
|                     __mmask16 mask = _kand_mask16(_mm512_cmplt_epi32_mask(a, c),
|                                                   _mm512_cmplt_epi32_mask(b, c));
| 
|                     b = _mm512_min_epi32(a, b);
|                     int e = _mm512_mask_reduce_min_epi32(mask, b);
| 
|   ;
|   return 0;
| }
| 
configure:24696: result: no
configure:24710: checking compiler support for SSE 4.1 instructions
configure:24741: gcc -c -g -O2 -Werror -msse4.1  conftest.c >&5
clang: error: argument unused during compilation: '-msse4.1' [-Werror,-Wunused-command-line-argument]
configure:24741: $? = 1
configure: failed program was:
| /* confdefs.h */
| #define PACKAGE_NAME "ViennaRNA"
| #define PACKAGE_TARNAME "ViennaRNA"
| #define PACKAGE_VERSION "2.5.1"
| #define PACKAGE_STRING "ViennaRNA 2.5.1"
| #define PACKAGE_BUGREPORT "rna@tbi.univie.ac.at"
| #define PACKAGE_URL "https://www.tbi.univie.ac.at/RNA"
| #define HAVE_STDIO_H 1
| #define HAVE_STDLIB_H 1
| #define HAVE_STRING_H 1
| #define HAVE_INTTYPES_H 1
| #define HAVE_STDINT_H 1
| #define HAVE_STRINGS_H 1
| #define HAVE_SYS_STAT_H 1
| #define HAVE_SYS_TYPES_H 1
| #define HAVE_UNISTD_H 1
| #define HAVE_WCHAR_H 1
| #define STDC_HEADERS 1
| #define _ALL_SOURCE 1
| #define _DARWIN_C_SOURCE 1
| #define _GNU_SOURCE 1
| #define _HPUX_ALT_XOPEN_SOCKET_API 1
| #define _NETBSD_SOURCE 1
| #define _OPENBSD_SOURCE 1
| #define _POSIX_PTHREAD_SEMANTICS 1
| #define __STDC_WANT_IEC_60559_ATTRIBS_EXT__ 1
| #define __STDC_WANT_IEC_60559_BFP_EXT__ 1
| #define __STDC_WANT_IEC_60559_DFP_EXT__ 1
| #define __STDC_WANT_IEC_60559_FUNCS_EXT__ 1
| #define __STDC_WANT_IEC_60559_TYPES_EXT__ 1
| #define __STDC_WANT_LIB_EXT2__ 1
| #define __STDC_WANT_MATH_SPEC_FUNCS__ 1
| #define _TANDEM_SOURCE 1
| #define __EXTENSIONS__ 1
| #define PACKAGE "ViennaRNA"
| #define VERSION "2.5.1"
| #define UNUSED __attribute__ ((unused))
| #define HAVE_DLFCN_H 1
| #define LT_OBJDIR ".libs/"
| #define HAVE_LIBM 1
| #define HAVE__BOOL 1
| #define HAVE_STDBOOL_H 1
| #define HAVE_FLOAT_H 1
| #define HAVE_LIMITS_H 1
| #define HAVE_STDLIB_H 1
| #define HAVE_STRING_H 1
| #define HAVE_STRINGS_H 1
| #define HAVE_UNISTD_H 1
| #define HAVE_MATH_H 1
| #define HAVE_STDARG_H 1
| #define HAVE_MALLOC 1
| #define HAVE_REALLOC 1
| #define HAVE_FLOOR 1
| #define HAVE_STRDUP 1
| #define HAVE_STRSTR 1
| #define HAVE_STRCHR 1
| #define HAVE_STRRCHR 1
| #define HAVE_STRSTR 1
| #define HAVE_STRTOL 1
| #define HAVE_STRTOUL 1
| #define HAVE_POW 1
| #define HAVE_RINT 1
| #define HAVE_SQRT 1
| #define HAVE_ERAND48 1
| #define HAVE_MEMSET 1
| #define HAVE_MEMMOVE 1
| #define HAVE_ERAND48 1
| #define HAVE_ASPRINTF 1
| #define HAVE_VASPRINTF 1
| #define VRNA_WITH_SVM 1
| #define VRNA_WITH_JSON_SUPPORT 1
| #define HAVE_PTHREAD_PRIO_INHERIT 1
| #define VRNA_WITH_PTHREADS 1
| /* end confdefs.h.  */
| 
| 
|                         #include <smmintrin.h>
|                         #include <limits.h>
| 
| int
| main (void)
| {
| __m128i a = _mm_set1_epi32(INT_MAX);
|                           __m128i b = _mm_set1_epi32(INT_MIN);
|                           b = _mm_min_epi32(a, b);
| 
|   ;
|   return 0;
| }
| 
configure:24754: result: no
configure:24854: checking whether C compiler accepts -ftree-vectorize
configure:24874: gcc -c -g -O2  -ftree-vectorize  conftest.c >&5
configure:24874: $? = 0
configure:24883: result: yes
configure:24902: : RNA_CFLAGS="$RNA_CFLAGS"
configure:24905: $? = 0
configure:24996: checking for mpfr.h
configure:24996: gcc -c -g -O2  conftest.c >&5
conftest.c:103:10: fatal error: 'mpfr.h' file not found
  103 | #include <mpfr.h>
      |          ^~~~~~~~
1 error generated.
configure:24996: $? = 1
configure: failed program was:
| /* confdefs.h */
| #define PACKAGE_NAME "ViennaRNA"
| #define PACKAGE_TARNAME "ViennaRNA"
| #define PACKAGE_VERSION "2.5.1"
| #define PACKAGE_STRING "ViennaRNA 2.5.1"
| #define PACKAGE_BUGREPORT "rna@tbi.univie.ac.at"
| #define PACKAGE_URL "https://www.tbi.univie.ac.at/RNA"
| #define HAVE_STDIO_H 1
| #define HAVE_STDLIB_H 1
| #define HAVE_STRING_H 1
| #define HAVE_INTTYPES_H 1
| #define HAVE_STDINT_H 1
| #define HAVE_STRINGS_H 1
| #define HAVE_SYS_STAT_H 1
| #define HAVE_SYS_TYPES_H 1
| #define HAVE_UNISTD_H 1
| #define HAVE_WCHAR_H 1
| #define STDC_HEADERS 1
| #define _ALL_SOURCE 1
| #define _DARWIN_C_SOURCE 1
| #define _GNU_SOURCE 1
| #define _HPUX_ALT_XOPEN_SOCKET_API 1
| #define _NETBSD_SOURCE 1
| #define _OPENBSD_SOURCE 1
| #define _POSIX_PTHREAD_SEMANTICS 1
| #define __STDC_WANT_IEC_60559_ATTRIBS_EXT__ 1
| #define __STDC_WANT_IEC_60559_BFP_EXT__ 1
| #define __STDC_WANT_IEC_60559_DFP_EXT__ 1
| #define __STDC_WANT_IEC_60559_FUNCS_EXT__ 1
| #define __STDC_WANT_IEC_60559_TYPES_EXT__ 1
| #define __STDC_WANT_LIB_EXT2__ 1
| #define __STDC_WANT_MATH_SPEC_FUNCS__ 1
| #define _TANDEM_SOURCE 1
| #define __EXTENSIONS__ 1
| #define PACKAGE "ViennaRNA"
| #define VERSION "2.5.1"
| #define UNUSED __attribute__ ((unused))
| #define HAVE_DLFCN_H 1
| #define LT_OBJDIR ".libs/"
| #define HAVE_LIBM 1
| #define HAVE__BOOL 1
| #define HAVE_STDBOOL_H 1
| #define HAVE_FLOAT_H 1
| #define HAVE_LIMITS_H 1
| #define HAVE_STDLIB_H 1
| #define HAVE_STRING_H 1
| #define HAVE_STRINGS_H 1
| #define HAVE_UNISTD_H 1
| #define HAVE_MATH_H 1
| #define HAVE_STDARG_H 1
| #define HAVE_MALLOC 1
| #define HAVE_REALLOC 1
| #define HAVE_FLOOR 1
| #define HAVE_STRDUP 1
| #define HAVE_STRSTR 1
| #define HAVE_STRCHR 1
| #define HAVE_STRRCHR 1
| #define HAVE_STRSTR 1
| #define HAVE_STRTOL 1
| #define HAVE_STRTOUL 1
| #define HAVE_POW 1
| #define HAVE_RINT 1
| #define HAVE_SQRT 1
| #define HAVE_ERAND48 1
| #define HAVE_MEMSET 1
| #define HAVE_MEMMOVE 1
| #define HAVE_ERAND48 1
| #define HAVE_ASPRINTF 1
| #define HAVE_VASPRINTF 1
| #define VRNA_WITH_SVM 1
| #define VRNA_WITH_JSON_SUPPORT 1
| #define HAVE_PTHREAD_PRIO_INHERIT 1
| #define VRNA_WITH_PTHREADS 1
| /* end confdefs.h.  */
| #include <stddef.h>
| #ifdef HAVE_STDIO_H
| # include <stdio.h>
| #endif
| #ifdef HAVE_STDLIB_H
| # include <stdlib.h>
| #endif
| #ifdef HAVE_STRING_H
| # include <string.h>
| #endif
| #ifdef HAVE_INTTYPES_H
| # include <inttypes.h>
| #endif
| #ifdef HAVE_STDINT_H
| # include <stdint.h>
| #endif
| #ifdef HAVE_STRINGS_H
| # include <strings.h>
| #endif
| #ifdef HAVE_SYS_TYPES_H
| # include <sys/types.h>
| #endif
| #ifdef HAVE_SYS_STAT_H
| # include <sys/stat.h>
| #endif
| #ifdef HAVE_UNISTD_H
| # include <unistd.h>
| #endif
| #include <mpfr.h>
configure:24996: result: no
configure:25058: WARNING:
==========================
Failed to find mpfr.h!

You probably need to install the mpfr-devel package or similar
==========================
    
configure:25120: checking for ./src/ViennaRNA/plotting/naview/naview.c
configure:25123: result: yes
configure:25120: checking for ./src/ViennaRNA/plotting/naview/naview.h
configure:25123: result: yes
configure:25178: : RNA_CPPFLAGS="$RNA_CPPFLAGS"
configure:25181: $? = 0
configure:25281: checking for ./interfaces/Makefile.am
configure:25284: result: yes
configure:25316: checking for swig
configure:25339: found /opt/homebrew/bin/swig
configure:25351: result: /opt/homebrew/bin/swig
configure:25365: checking SWIG version
configure:25368: result: 4.3.0
configure:25417: checking for SWIG library
configure:25420: result: /opt/homebrew/Cellar/swig/4.3.0/share/swig/4.3.0
configure:25475: checking for ./interfaces/Perl/Makefile.am
configure:25478: result: yes
configure:25563: checking for /opt/homebrew/bin/perl
configure:25598: result: /opt/homebrew/bin/perl
configure:25616: checking for Perl prefix
configure:25621: result: /opt/homebrew/opt/perl
configure:25629: checking for Perl siteprefix
configure:25634: result: /opt/homebrew/opt/perl
configure:25642: checking for Perl vendorprefix
configure:25647: result: 
configure:25655: checking for Perl extension include path
configure:25660: result: /opt/homebrew/opt/perl/lib/perl5/5.40/darwin-thread-multi-2level/CORE
configure:25668: checking for Perl extension target directory
configure:25673: result: /opt/homebrew/opt/perl/lib/perl5/site_perl/5.40/darwin-thread-multi-2level
configure:25682: checking for architecture dependent Perl extension site target directory
configure:25687: result: /opt/homebrew/opt/perl/lib/perl5/site_perl/5.40/darwin-thread-multi-2level
configure:25695: checking for architecture dependent Perl extension vendor target directory
configure:25700: result: 
configure:25708: checking for architecture independent Perl extension site target directory
configure:25713: result: /opt/homebrew/opt/perl/lib/perl5/site_perl/5.40
configure:25721: checking for architecture independent Perl extension vendor target directory
configure:25726: result: 
configure:25734: checking for Perl extensions C preprocessor flags
configure:25739: result: -fno-common -DPERL_DARWIN -mmacosx-version-min=15.2 -DNO_THREAD_SAFE_QUERYLOCALE -DNO_POSIX_2008_LOCALE -fno-strict-aliasing -pipe -fstack-protector-strong
configure:25747: checking for Perl extensions linker flags
configure:25760: result: -mmacosx-version-min=15.2 -bundle -undefined dynamic_lookup -fstack-protector-strong
configure:25768: checking for Perl dynamic library extension
configure:25773: result: .bundle
configure:25858: checking for ./interfaces/Python2/Makefile.am
configure:25861: result: yes
configure:25947: checking for python2
configure:25985: result: no
configure:25947: checking for python2.7
configure:25985: result: no
configure:25947: checking for python2.6
configure:25985: result: no
configure:26161: checking for ./interfaces/Python/Makefile.am
configure:26164: result: yes
configure:26250: checking for python3
configure:26273: found /opt/anaconda3/envs/gernabind/bin/python3
configure:26285: result: /opt/anaconda3/envs/gernabind/bin/python3
configure:26303: checking for Python3 include path
configure:26308: result: /opt/anaconda3/envs/gernabind/include/python3.8
configure:26312: checking for /opt/anaconda3/envs/gernabind/include/python3.8/Python.h
configure:26316: result: yes
configure:26319: checking for Python3 ldflags
configure:26332: result: -bundle -undefined dynamic_lookup
configure:26335: checking for Python3 extension linker
configure:26340: result: gcc -bundle -undefined dynamic_lookup -L/opt/anaconda3/envs/gernabind/lib  -arch arm64 -L/opt/anaconda3/envs/gernabind/lib  -arch arm64
configure:26343: checking for directory to install Python3 scripts in
configure:26352: result: ${prefix}/lib/python3.8/site-packages
configure:26356: checking for directory to install architecture dependent python3 things in
configure:26364: result: ${exec_prefix}/lib/python3.8/site-packages
configure:26368: checking for Python3 module extension
configure:26373: result: .cpython-38-darwin.so
configure:26376: checking for Python3 tag for cached compiled scripts
configure:26381: result: cpython-38
configure:26384: checking for Python3 extension of cached and optimized bytecode
configure:26390: result: cpython-38.opt-1.pyc
configure:26613: checking for doxygen
configure:26649: result: no
configure:26659: checking for dot
configure:26695: result: no
configure:26705: checking for egrep
configure:26728: found /usr/bin/egrep
configure:26741: result: /usr/bin/egrep
configure:26751: checking for perl
configure:26774: found /opt/homebrew/bin/perl
configure:26787: result: /opt/homebrew/bin/perl
configure:27056: checking for doc/RNAlib-2.5.1.pdf
configure:27059: result: yes
configure:27076: checking for doc/html/index.html
configure:27079: result: yes
configure:27336: checking for htlatex
configure:27359: found /Library/TeX/texbin/htlatex
configure:27372: result: /Library/TeX/texbin/htlatex
configure:27412: checking for LaTeX package(s) amsmath amssymb babel beamerarticle caption color fancyvrb graphics hyperref keystroke pgf upquote url verbatim xcolor
configure:27491: result: yes
configure:27775: checking for LaTeX package(s) babel fancyhdr geometry hyperref inputenc lastpage xcolor
configure:27822: result: yes
configure:28263: checking for CHECK
configure:28270: $PKG_CONFIG --exists --print-errors "check >= 0.9.4"
Package check was not found in the pkg-config search path.
Perhaps you should add the directory containing `check.pc'
to the PKG_CONFIG_PATH environment variable
Package 'check' not found
configure:28273: $? = 1
configure:28287: $PKG_CONFIG --exists --print-errors "check >= 0.9.4"
Package check was not found in the pkg-config search path.
Perhaps you should add the directory containing `check.pc'
to the PKG_CONFIG_PATH environment variable
Package 'check' not found
configure:28290: $? = 1
configure:28304: result: no
Package 'check' not found
configure:28321: WARNING: check not found -- will not build C-library Unit tests
configure:28362: checking for diff
configure:28385: found /usr/bin/diff
configure:28397: result: /usr/bin/diff
configure:28530: checking for xxd
configure:28553: found /usr/bin/xxd
configure:28566: result: /usr/bin/xxd
configure:28587: checking for gengetopt
configure:28623: result: no
configure:28644: checking for help2man
configure:28680: result: no
configure:28944: checking whether g++ supports C++11 features with -std=c++11
configure:29243: g++ -std=c++11 -c -g -O2  conftest.cpp >&5
configure:29243: $? = 0
configure:29253: result: yes
configure:29298: checking for ./src/dlib-19.23/dlib/all/source.cpp
configure:29301: result: yes
configure:29392: checking for ./src/Kinfold/Makefile.am
configure:29395: result: yes
configure:29461: checking for ./src/RNAforester/Makefile.am
configure:29464: result: yes
configure:29673: checking for ./src/RNAlocmin/Makefile.am
configure:29676: result: yes
configure:29869: checking that generated files are newer than configure
configure:29875: result: done
configure:30058: creating ./config.status

## ---------------------- ##
## Running config.status. ##
## ---------------------- ##

This file was extended by ViennaRNA config.status 2.5.1, which was
generated by GNU Autoconf 2.71.  Invocation command line was

  CONFIG_FILES    = 
  CONFIG_HEADERS  = 
  CONFIG_LINKS    = 
  CONFIG_COMMANDS = 
  $ ./config.status 

on Ordinateur-portable-de-Wissam.local

config.status:1555: creating packaging/macosx/Makefile
config.status:1555: creating packaging/macosx/Distribution.xml
config.status:1555: creating packaging/macosx/resources/welcome.txt
config.status:1555: creating src/ViennaRNA/plotting/naview/Makefile
config.status:1555: creating interfaces/Perl/Makefile
config.status:1555: creating interfaces/Perl/version.i
config.status:1555: creating interfaces/Python/Makefile
config.status:1555: creating interfaces/Python/version.i
config.status:1555: creating tests/Makefile
config.status:1555: creating tests/RNApath.py
config.status:1555: creating tests/RNAHelpers.pm
config.status:1555: creating tests/test-env.sh
config.status:1555: creating src/ViennaRNA/static/templates_postscript.h
config.status:1555: creating src/ViennaRNA/static/templates_svg.h
config.status:1555: creating src/ViennaRNA/static/energy_parameter_sets.h
config.status:1555: creating src/ViennaRNA/vrna_config.h
config.status:1555: creating misc/Makefile
config.status:1555: creating interfaces/Makefile
config.status:1555: creating Makefile
config.status:1555: creating RNAlib2.pc
config.status:1555: creating src/Utils/Makefile
config.status:1555: creating src/bin/Makefile
config.status:1555: creating src/Makefile
config.status:1555: creating src/ViennaRNA/Makefile
config.status:1555: creating src/ViennaRNA/static/Makefile
config.status:1555: creating man/Makefile
config.status:1555: creating doc/Makefile
config.status:1555: creating doc/CLA/Makefile
config.status:1555: creating RNA-Tutorial/Makefile
config.status:1555: creating man/cmdlopt.sh
config.status:1555: creating examples/Makefile
config.status:1555: creating packaging/viennarna.spec
config.status:1555: creating packaging/PKGBUILD
config.status:1555: creating packaging/win_installer_archlinux_i686.nsi
config.status:1555: creating packaging/win_installer_archlinux_x86_64.nsi
config.status:1555: creating packaging/win_installer_fedora_i686.nsi
config.status:1555: creating packaging/win_installer_fedora_x86_64.nsi
config.status:1555: creating config.h
config.status:1736: config.h is unchanged
config.status:1784: executing depfiles commands
config.status:1861: cd src/ViennaRNA/plotting/naview       && sed -e '/# am--include-marker/d' Makefile         | make -f - am--depfiles
make: Nothing to be done for `am--depfiles'.
config.status:1866: $? = 0
config.status:1861: cd interfaces/Perl       && sed -e '/# am--include-marker/d' Makefile         | make -f - am--depfiles
make: Nothing to be done for `am--depfiles'.
config.status:1866: $? = 0
config.status:1861: cd interfaces/Python       && sed -e '/# am--include-marker/d' Makefile         | make -f - am--depfiles
make: Nothing to be done for `am--depfiles'.
config.status:1866: $? = 0
config.status:1861: cd tests       && sed -e '/# am--include-marker/d' Makefile         | make -f - am--depfiles
make: Nothing to be done for `am--depfiles'.
config.status:1866: $? = 0
config.status:1861: cd src/Utils       && sed -e '/# am--include-marker/d' Makefile         | make -f - am--depfiles
make: Nothing to be done for `am--depfiles'.
config.status:1866: $? = 0
config.status:1861: cd src/bin       && sed -e '/# am--include-marker/d' Makefile         | make -f - am--depfiles
make: Nothing to be done for `am--depfiles'.
config.status:1866: $? = 0
config.status:1861: cd src/ViennaRNA       && sed -e '/# am--include-marker/d' Makefile         | make -f - am--depfiles
make: Nothing to be done for `am--depfiles'.
config.status:1866: $? = 0
config.status:1784: executing libtool commands
configure:32581: === configuring in src/Kinfold (/Users/wissam/swapping_experiments/GerNA-Bind/ViennaRNA-2.5.1/src/Kinfold)
configure:32642: running /bin/sh ./configure --disable-option-checking '--prefix=/usr/local'  '--disable-perl' 'CC=gcc' 'CXX=g++' 'CFLAGS=-g -O2' 'CXXFLAGS=-g -O2' 'AR=ar' 'RANLIB=ranlib' 'NM=/usr/bin/nm -B' 'VRNA_CFLAGS=-I$(top_srcdir)/../../src/ViennaRNA -I$(top_srcdir)/../../src -DVRNA_WITH_NAVIEW_LAYOUT' 'VRNA_LIBS=-fno-strict-aliasing -L$(top_builddir)/../../src/ViennaRNA -lRNA -lpthread -lstdc++' --cache-file=/dev/null --srcdir=.
configure:32581: === configuring in src/RNAforester (/Users/wissam/swapping_experiments/GerNA-Bind/ViennaRNA-2.5.1/src/RNAforester)
configure:32642: running /bin/sh ./configure --disable-option-checking '--prefix=/usr/local'  '--disable-perl' 'CC=gcc' 'CXX=g++' 'CFLAGS=-g -O2' 'CXXFLAGS=-g -O2' 'AR=ar' 'RANLIB=ranlib' 'NM=/usr/bin/nm -B' 'VRNA_CFLAGS=-I$(top_srcdir)/../../src/ViennaRNA -I$(top_srcdir)/../../src -DVRNA_WITH_NAVIEW_LAYOUT' 'VRNA_LIBS=-fno-strict-aliasing -L$(top_builddir)/../../src/ViennaRNA -lRNA -lpthread -lstdc++' --cache-file=/dev/null --srcdir=.
configure:32581: === configuring in src/RNAlocmin (/Users/wissam/swapping_experiments/GerNA-Bind/ViennaRNA-2.5.1/src/RNAlocmin)
configure:32642: running /bin/sh ./configure --disable-option-checking '--prefix=/usr/local'  '--disable-perl' 'CC=gcc' 'CXX=g++' 'CFLAGS=-g -O2' 'CXXFLAGS=-g -O2' 'AR=ar' 'RANLIB=ranlib' 'NM=/usr/bin/nm -B' 'VRNA_CFLAGS=-I$(top_srcdir)/../../src/ViennaRNA -I$(top_srcdir)/../../src -DVRNA_WITH_NAVIEW_LAYOUT' 'VRNA_LIBS=-fno-strict-aliasing -L$(top_builddir)/../../src/ViennaRNA -lRNA -lpthread -lstdc++' --cache-file=/dev/null --srcdir=.
configure:33340:

======================================
    [1mViennaRNA Package 2.5.1[m
======================================

Successfully configured with the following options:

Sub Packages
------------
  * Kinfold                   : [32;1myes[m
  * RNAforester               : [32;1myes[m
  * Analyse{Dists,Seqs}       : [31;1mno[m
  * RNAlocmin                 : [32;1myes[m
  * Kinwalker                 : [31;1mno[m

Extra Libraries
---------------
  * Support Vector Machine    : [32;1myes[m
  * GNU Scientific Library    : [31;1mno[m
  * GNU MPFR                  : [31;1mno[m
  * JSON                      : [32;1myes[m

Features
--------
  * Use hash for NR Sampling  : [31;1mno[m
  * C11 features              : [32;1myes[m
  * TTY colors                : [32;1myes[m
  * Float Precision(PF}       : [31;1mno[m
  * Deprecation Warnings      : [31;1mno[m

Optimizations
-------------
  * Auto Vectorization        : [32;1myes[m
  * Explicit SIMD Extension   : [32;1myes[m 
  * Link Time Optimization    : [31;1mno[m
  * POSIX Threads             : [32;1myes[m
  * OpenMP                    : [31;1mno[m

Scripting Language Interfaces
-----------------------------
  * Perl 5                    : [32;1myes[m
  * Python 3.x                : [32;1myes[m
  * Python 2.x                : [31;1mno[m

Documentation
-------------
  * Reference Manual (PDF)    : [32;1myes[m 
  * Reference Manual (HTML)   : [32;1myes[m 
  * Tutorial (PDF)            : [32;1myes[m 
  * Tutorial (HTML)           : [31;1mno[m 
  * CLA (PDF)                 : [32;1myes[m 

Unit Tests
----------
  * Executable Programs       : [32;1myes[m
  * C-Library                 : [31;1mno[m
  * Perl 5 Interface          : [32;1myes[m
  * Python 3.x Interface      : [32;1myes[m
  * Python 2.x Interface      : [31;1mno[m

MacOS X
-------
  * Universal Binary          : [31;1mno[m
  * Installer                 : [31;1mno[m
  * SDK                       : [31;1mno[m

Install Directories
-------------------
  * Executables               : [34;1m/usr/local/bin[m
  * Libraries                 : [34;1m/usr/local/lib[m
  * Header files              : [34;1m/usr/local/include[m
  * Extra Data                : [34;1m/usr/local/share[m
  * Man pages                 : [34;1m/usr/local/share/man[m
  * Documentation             : [34;1m/usr/local/share/doc/ViennaRNA[m
      (HTML)                  : [34;1m/usr/local/share/doc/ViennaRNA/html[m
      (PDF)                   : [34;1m/usr/local/share/doc/ViennaRNA[m
  * Perl5 Interface           : [34;1m[m
      (binaries)              : [34;1m/usr/local/lib/perl5/site_perl/5.40/darwin-thread-multi-2level[m
      (scripts)               : [34;1m/usr/local/lib/perl5/site_perl/5.40[m
  * Python 3.x Interface      : [34;1m[m
      (binaries)              : [34;1m/usr/local/lib/python3.8/site-packages[m
      (scripts)               : [34;1m/usr/local/lib/python3.8/site-packages[m
  * Python 2.x Interface      : [31;1mNot to be installed python2 executable missing[m
      (binaries)              : [34;1m[m
      (scripts)               : [34;1m[m

[1mYou can run 'make', 'make check', and 'make install' now![m

## ---------------- ##
## Cache variables. ##
## ---------------- ##

ac_cv_build=aarch64-apple-darwin24.0.0
ac_cv_c_compiler_gnu=yes
ac_cv_c_const=yes
ac_cv_c_inline=inline
ac_cv_cxx_compiler_gnu=yes
ac_cv_env_CCC_set=
ac_cv_env_CCC_value=
ac_cv_env_CC_set=
ac_cv_env_CC_value=
ac_cv_env_CFLAGS_set=
ac_cv_env_CFLAGS_value=
ac_cv_env_CHECK_CFLAGS_set=
ac_cv_env_CHECK_CFLAGS_value=
ac_cv_env_CHECK_LIBS_set=
ac_cv_env_CHECK_LIBS_value=
ac_cv_env_CPPFLAGS_set=
ac_cv_env_CPPFLAGS_value=
ac_cv_env_CPP_set=
ac_cv_env_CPP_value=
ac_cv_env_CXXCPP_set=
ac_cv_env_CXXCPP_value=
ac_cv_env_CXXFLAGS_set=
ac_cv_env_CXXFLAGS_value=
ac_cv_env_CXX_set=
ac_cv_env_CXX_value=
ac_cv_env_DIFF_set=
ac_cv_env_DIFF_value=
ac_cv_env_GENGETOPT_set=
ac_cv_env_GENGETOPT_value=
ac_cv_env_HELP2MAN_set=
ac_cv_env_HELP2MAN_value=
ac_cv_env_LDFLAGS_set=
ac_cv_env_LDFLAGS_value=
ac_cv_env_LIBS_set=
ac_cv_env_LIBS_value=
ac_cv_env_LT_SYS_LIBRARY_PATH_set=
ac_cv_env_LT_SYS_LIBRARY_PATH_value=
ac_cv_env_PERL_EXT_CPPFLAGS_set=
ac_cv_env_PERL_EXT_CPPFLAGS_value=
ac_cv_env_PERL_EXT_INC_set=
ac_cv_env_PERL_EXT_INC_value=
ac_cv_env_PERL_EXT_LDFLAGS_set=
ac_cv_env_PERL_EXT_LDFLAGS_value=
ac_cv_env_PERL_EXT_LIB_set=
ac_cv_env_PERL_EXT_LIB_value=
ac_cv_env_PERL_EXT_PREFIX_set=
ac_cv_env_PERL_EXT_PREFIX_value=
ac_cv_env_PERL_EXT_SITEARCH_set=
ac_cv_env_PERL_EXT_SITEARCH_value=
ac_cv_env_PERL_EXT_SITELIB_set=
ac_cv_env_PERL_EXT_SITELIB_value=
ac_cv_env_PERL_EXT_SITEPREFIX_set=
ac_cv_env_PERL_EXT_SITEPREFIX_value=
ac_cv_env_PERL_EXT_VENDORARCH_set=
ac_cv_env_PERL_EXT_VENDORARCH_value=
ac_cv_env_PERL_EXT_VENDORLIB_set=
ac_cv_env_PERL_EXT_VENDORLIB_value=
ac_cv_env_PERL_EXT_VENDORPREFIX_set=
ac_cv_env_PERL_EXT_VENDORPREFIX_value=
ac_cv_env_PERL_SO_set=
ac_cv_env_PERL_SO_value=
ac_cv_env_PERL_set=
ac_cv_env_PERL_value=
ac_cv_env_PKG_CONFIG_LIBDIR_set=
ac_cv_env_PKG_CONFIG_LIBDIR_value=
ac_cv_env_PKG_CONFIG_PATH_set=
ac_cv_env_PKG_CONFIG_PATH_value=
ac_cv_env_PKG_CONFIG_set=
ac_cv_env_PKG_CONFIG_value=
ac_cv_env_PYTHON2_DIR_set=
ac_cv_env_PYTHON2_DIR_value=
ac_cv_env_PYTHON2_EXECDIR_set=
ac_cv_env_PYTHON2_EXECDIR_value=
ac_cv_env_PYTHON2_set=
ac_cv_env_PYTHON2_value=
ac_cv_env_PYTHON3_DIR_set=
ac_cv_env_PYTHON3_DIR_value=
ac_cv_env_PYTHON3_EXECDIR_set=
ac_cv_env_PYTHON3_EXECDIR_value=
ac_cv_env_PYTHON3_set=
ac_cv_env_PYTHON3_value=
ac_cv_env_SWIG_set=
ac_cv_env_SWIG_value=
ac_cv_env_USER_AR_set=
ac_cv_env_USER_AR_value=
ac_cv_env_USER_NM_set=
ac_cv_env_USER_NM_value=
ac_cv_env_USER_RANLIB_set=
ac_cv_env_USER_RANLIB_value=
ac_cv_env_XXD_set=
ac_cv_env_XXD_value=
ac_cv_env_build_alias_set=
ac_cv_env_build_alias_value=
ac_cv_env_host_alias_set=
ac_cv_env_host_alias_value=
ac_cv_env_target_alias_set=
ac_cv_env_target_alias_value=
ac_cv_func_asprintf=yes
ac_cv_func_erand48=yes
ac_cv_func_floor=yes
ac_cv_func_malloc_0_nonnull=yes
ac_cv_func_memmove=yes
ac_cv_func_memset=yes
ac_cv_func_pow=yes
ac_cv_func_realloc_0_nonnull=yes
ac_cv_func_rint=yes
ac_cv_func_sqrt=yes
ac_cv_func_strchr=yes
ac_cv_func_strdup=yes
ac_cv_func_strrchr=yes
ac_cv_func_strstr=yes
ac_cv_func_strtod=yes
ac_cv_func_strtol=yes
ac_cv_func_strtoul=yes
ac_cv_func_vasprintf=yes
ac_cv_header_dlfcn_h=yes
ac_cv_header_float_h=yes
ac_cv_header_inttypes_h=yes
ac_cv_header_limits_h=yes
ac_cv_header_malloc_h=no
ac_cv_header_math_h=yes
ac_cv_header_minix_config_h=no
ac_cv_header_mpfr_h=no
ac_cv_header_stdarg_h=yes
ac_cv_header_stdbool_h=yes
ac_cv_header_stdint_h=yes
ac_cv_header_stdio_h=yes
ac_cv_header_stdlib_h=yes
ac_cv_header_string_h=yes
ac_cv_header_strings_h=yes
ac_cv_header_sys_stat_h=yes
ac_cv_header_sys_types_h=yes
ac_cv_header_unistd_h=yes
ac_cv_header_wchar_h=yes
ac_cv_host=aarch64-apple-darwin24.0.0
ac_cv_lib_gsl_gsl_blas_dgemm=no
ac_cv_lib_gslcblas_cblas_dgemm=no
ac_cv_lib_m_exp=yes
ac_cv_objext=o
ac_cv_path_DIFF=/usr/bin/diff
ac_cv_path_EGREP='/usr/bin/grep -E'
ac_cv_path_FGREP='/usr/bin/grep -F'
ac_cv_path_GENGETOPT=no
ac_cv_path_GREP=/usr/bin/grep
ac_cv_path_HELP2MAN=no
ac_cv_path_PERL=/opt/homebrew/bin/perl
ac_cv_path_PYTHON3=/opt/anaconda3/envs/gernabind/bin/python3
ac_cv_path_SED=/usr/bin/sed
ac_cv_path_SWIG=/opt/homebrew/bin/swig
ac_cv_path_XXD=/usr/bin/xxd
ac_cv_path_ac_pt_PKG_CONFIG=/opt/homebrew/bin/pkg-config
ac_cv_path_bibtex=/Library/TeX/texbin/bibtex
ac_cv_path_dot=no
ac_cv_path_doxygen=no
ac_cv_path_egrep=/usr/bin/egrep
ac_cv_path_htlatex=/Library/TeX/texbin/htlatex
ac_cv_path_install='/usr/bin/install -c'
ac_cv_path_lt_DD=/bin/dd
ac_cv_path_makeindex=/Library/TeX/texbin/makeindex
ac_cv_path_pdflatex=/Library/TeX/texbin/pdflatex
ac_cv_path_perl=/opt/homebrew/bin/perl
ac_cv_prog_AWK=awk
ac_cv_prog_CPP='gcc -E'
ac_cv_prog_CXXCPP='g++ -E'
ac_cv_prog_ac_ct_AR=ar
ac_cv_prog_ac_ct_CC=gcc
ac_cv_prog_ac_ct_CXX=g++
ac_cv_prog_ac_ct_DSYMUTIL=dsymutil
ac_cv_prog_ac_ct_FILECMD=file
ac_cv_prog_ac_ct_LIPO=lipo
ac_cv_prog_ac_ct_NMEDIT=nmedit
ac_cv_prog_ac_ct_OBJDUMP=objdump
ac_cv_prog_ac_ct_OTOOL=otool
ac_cv_prog_ac_ct_RANLIB=ranlib
ac_cv_prog_ac_ct_STRIP=strip
ac_cv_prog_cc_c11=
ac_cv_prog_cc_g=yes
ac_cv_prog_cc_stdc=
ac_cv_prog_cxx_11=no
ac_cv_prog_cxx_g=yes
ac_cv_prog_cxx_stdcxx=
ac_cv_prog_make_make_set=yes
ac_cv_safe_to_define___extensions__=yes
ac_cv_should_define__xopen_source=no
ac_cv_type__Bool=yes
ac_cv_type_size_t=yes
am_cv_CC_dependencies_compiler_type=gcc3
am_cv_CXX_dependencies_compiler_type=gcc3
am_cv_ar_interface=ar
am_cv_make_support_nested_variables=yes
am_cv_prog_cc_c_o=yes
am_cv_prog_tar_ustar=gnutar
ax_cv_PTHREAD_CLANG=yes
ax_cv_PTHREAD_CLANG_NO_WARN_FLAG=no
ax_cv_PTHREAD_JOINABLE_ATTR=PTHREAD_CREATE_JOINABLE
ax_cv_PTHREAD_PRIO_INHERIT=yes
ax_cv_PTHREAD_SPECIAL_FLAGS=no
ax_cv_c_compiler_vendor=clang
ax_cv_c_openmp=unknown
ax_cv_check_cflags___ffat_lto_objects=yes
ax_cv_check_cflags___flto=yes
ax_cv_check_cflags___fno_strict_aliasing=yes
ax_cv_check_cflags___ftree_vectorize=yes
ax_cv_check_cxxflags___ffat_lto_objects=yes
ax_cv_check_cxxflags___flto=yes
ax_cv_check_cxxflags___fno_strict_aliasing=yes
ax_cv_check_ldflags___fno_strict_aliasing=yes
ax_cv_cxx_compile_cxx11__std_cpp11=yes
lt_cv_apple_cc_single_mod=no
lt_cv_ar_at_file=no
lt_cv_deplibs_check_method=pass_all
lt_cv_file_magic_cmd='$MAGIC_CMD'
lt_cv_file_magic_test_file=
lt_cv_ld_exported_symbols_list=yes
lt_cv_ld_force_load=yes
lt_cv_ld_reload_flag=-r
lt_cv_nm_interface='BSD nm'
lt_cv_objdir=.libs
lt_cv_path_LD=/Library/Developer/CommandLineTools/usr/bin/ld
lt_cv_path_LDCXX=/Library/Developer/CommandLineTools/usr/bin/ld
lt_cv_path_NM='/usr/bin/nm -B'
lt_cv_path_mainfest_tool=no
lt_cv_prog_compiler_c_o=yes
lt_cv_prog_compiler_c_o_CXX=yes
lt_cv_prog_compiler_pic='-fno-common -DPIC'
lt_cv_prog_compiler_pic_CXX='-fno-common -DPIC'
lt_cv_prog_compiler_pic_works=yes
lt_cv_prog_compiler_pic_works_CXX=yes
lt_cv_prog_compiler_rtti_exceptions=yes
lt_cv_prog_compiler_static_works=no
lt_cv_prog_compiler_static_works_CXX=no
lt_cv_prog_gnu_ld=no
lt_cv_prog_gnu_ldcxx=no
lt_cv_sharedlib_from_linklib_cmd='printf %s\n'
lt_cv_sys_global_symbol_pipe='/usr/bin/sed -n -e '\''s/^.*[	 ]\([ABCDGIRSTW][ABCDGIRSTW]*\)[	 ][	 ]*_\([_A-Za-z][_A-Za-z0-9]*\)$/\1 _\2 \2/p'\'' | /usr/bin/sed '\''/ __gnu_lto/d'\'''
lt_cv_sys_global_symbol_to_c_name_address='/usr/bin/sed -n -e '\''s/^: \(.*\) .*$/  {"\1", (void *) 0},/p'\'' -e '\''s/^[ABCDGIRSTW][ABCDGIRSTW]* .* \(.*\)$/  {"\1", (void *) \&\1},/p'\'''
lt_cv_sys_global_symbol_to_c_name_address_lib_prefix='/usr/bin/sed -n -e '\''s/^: \(.*\) .*$/  {"\1", (void *) 0},/p'\'' -e '\''s/^[ABCDGIRSTW][ABCDGIRSTW]* .* \(lib.*\)$/  {"\1", (void *) \&\1},/p'\'' -e '\''s/^[ABCDGIRSTW][ABCDGIRSTW]* .* \(.*\)$/  {"lib\1", (void *) \&\1},/p'\'''
lt_cv_sys_global_symbol_to_cdecl='/usr/bin/sed -n -e '\''s/^T .* \(.*\)$/extern int \1();/p'\'' -e '\''s/^[ABCDGIRSTW][ABCDGIRSTW]* .* \(.*\)$/extern char \1;/p'\'''
lt_cv_sys_global_symbol_to_import=
lt_cv_sys_max_cmd_len=786432
lt_cv_to_host_file_cmd=func_convert_file_noop
lt_cv_to_tool_file_cmd=func_convert_file_noop
lt_cv_truncate_bin='/bin/dd bs=4096 count=1'

## ----------------- ##
## Output variables. ##
## ----------------- ##
















#include "misc/dna_mathews1999.hex"
#include "misc/dna_mathews2004.hex"
#include "misc/rna_andronescu2007.hex"
#include "misc/rna_langdon2018.hex"
#include "misc/rna_misc_special_hairpins.hex"
#include "misc/rna_turner1999.hex"
#include "misc/rna_turner2004.hex"
#include "postscript/aln_macro_base.hex"
#include "postscript/dot_plot_macro_base.hex"
#include "postscript/dot_plot_macro_linear_data.hex"
#include "postscript/dot_plot_macro_sc_motifs.hex"
#include "postscript/dot_plot_macro_sd.hex"
#include "postscript/dot_plot_macro_turn.hex"
#include "postscript/dot_plot_macro_ud.hex"
#include "postscript/structure_plot_macro_base.hex"
#include "postscript/structure_plot_macro_extras.hex"
#include "svg/structure_plot_footer.hex"
#include "svg/structure_plot_header.hex"
'
'
'
ACLOCAL='${SHELL} '\''/Users/wissam/swapping_experiments/GerNA-Bind/ViennaRNA-2.5.1/config/missing'\'' aclocal-1.16'
AMDEPBACKSLASH='\'
AMDEP_FALSE='#'
AMDEP_TRUE=''
AMTAR='$${TAR-tar}'
AM_BACKSLASH='\'
AM_CFLAGS=''
AM_CPPFLAGS=''
AM_CXXFLAGS=''
AM_DEFAULT_V='$(AM_DEFAULT_VERBOSITY)'
AM_DEFAULT_VERBOSITY='0'
AM_LDFLAGS=''
AM_V='$(V)'
AR='ar'
AUTOCONF='${SHELL} '\''/Users/wissam/swapping_experiments/GerNA-Bind/ViennaRNA-2.5.1/config/missing'\'' autoconf'
AUTOHEADER='${SHELL} '\''/Users/wissam/swapping_experiments/GerNA-Bind/ViennaRNA-2.5.1/config/missing'\'' autoheader'
AUTOMAKE='${SHELL} '\''/Users/wissam/swapping_experiments/GerNA-Bind/ViennaRNA-2.5.1/config/missing'\'' automake-1.16'
AWK='awk'
BIBTEX_CMD='/Library/TeX/texbin/bibtex'
CC='gcc'
CCDEPMODE='depmode=gcc3'
CFLAGS='-g -O2'
CHECK_CFLAGS=''
CHECK_LIBS=''
CLA_CMD_LATEX='/Library/TeX/texbin/pdflatex -interaction=nonstopmode -halt-on-error'
CLA_DOCDIR='doc/CLA'
CLA_E_PDF_NAME='ViennaRNA-CLA-Entity.pdf'
CLA_E_PROJECT_NAME='ViennaRNA-CLA-Entity'
CLA_I_PDF_NAME='ViennaRNA-CLA-Individual.pdf'
CLA_I_PROJECT_NAME='ViennaRNA-CLA-Individual'
CLA_SRCDIR='.'
CLUSTER_DIR=''
CONFIG_DISABLE_C11_FEATURES=''
CONFIG_FLOAT_PF=''
CONFIG_GSL=''
CONFIG_JSON='#define VRNA_WITH_JSON_SUPPORT'
CONFIG_LTO=''
CONFIG_NAVIEW_LAYOUT='#define VRNA_WITH_NAVIEW_LAYOUT'
CONFIG_NR_SAMPLING=''
CONFIG_OPENMP=''
CONFIG_SVM='#define VRNA_WITH_SVM'
CONFIG_TTY_COLORS=''
CPP='gcc -E'
CPPFLAGS=''
CSCOPE='cscope'
CTAGS='ctags'
CXX='g++ -std=c++11'
CXXCPP='g++ -E -std=c++11'
CXXDEPMODE='depmode=gcc3'
CXXFLAGS='-g -O2'
CYGPATH_W='echo'
DEFS='-DHAVE_CONFIG_H'
DEPDIR='.deps'
DEPRECATION_WARNING=''
DIFF='/usr/bin/diff'
DISABLE_C11_FEATURES=''
DLIB_CPPFLAGS='-I$(top_srcdir)/src/dlib-19.23 -DDLIB_NO_GUI_SUPPORT'
DLIB_DIR='dlib-19.23'
DLLTOOL='false'
DOXYGEN_CMD_BIBTEX=''
DOXYGEN_CMD_LATEX=''
DOXYGEN_CMD_MAKEINDEX=''
DOXYGEN_CONF='doxygen.conf'
DOXYGEN_DOCDIR='doc'
DOXYGEN_GENERATE_HTML=''
DOXYGEN_GENERATE_LATEX=''
DOXYGEN_HAVE_DOT=''
DOXYGEN_PROJECT_NAME='RNAlib-2.5.1'
DOXYGEN_SRCDIR='.'
DOXYGEN_WITH_PDFLATEX=''
DSYMUTIL='dsymutil'
DUMPBIN=''
ECHO_C='\c'
ECHO_N=''
ECHO_T=''
EGREP='/usr/bin/grep -E'
ENERGY_PARAMETER_CONST='
ETAGS='etags'
EXEEXT=''
FGREP='/usr/bin/grep -F'
FILECMD='file'
FLOAT_PF_FLAG=''
GENGETOPT='no'
GREP='/usr/bin/grep'
GSL_LIBS=''
HAS_SWIG_FALSE='#'
HAS_SWIG_TRUE=''
HAVE_CXX11='1'
HDIUTIL=''
HELP2MAN='no'
INSTALL_DATA='${INSTALL} -m 644'
INSTALL_PROGRAM='${INSTALL}'
INSTALL_SCRIPT='${INSTALL}'
INSTALL_STRIP_PROGRAM='$(install_sh) -c -s'
ISODATE='2025-06-26'
LATEX_CMD='/Library/TeX/texbin/pdflatex'
LD='/Library/Developer/CommandLineTools/usr/bin/ld'
LDFLAGS=''
LIBGOMPFLAG=''
LIBOBJS=''
LIBS='-lm '
LIBSVM_DIR='libsvm-3.25'
LIBTOOL='$(SHELL) $(top_builddir)/libtool'
LIBTOOL_DEPS='./config//ltmain.sh'
LIPO='lipo'
LN_S='ln -s'
LTLIBOBJS=''
LTO_CFLAGS='-flto -ffat-lto-objects'
LTO_CXXFLAGS='-flto -ffat-lto-objects'
LTO_LDFLAGS='-flto'
LT_SYS_LIBRARY_PATH=''
MACOSX_INSTALLER=''
MAKEINDEX_CMD='/Library/TeX/texbin/makeindex'
MAKEINFO='${SHELL} '\''/Users/wissam/swapping_experiments/GerNA-Bind/ViennaRNA-2.5.1/config/missing'\'' makeinfo'
MAKE_CLUSTER_FALSE=''
MAKE_CLUSTER_TRUE='#'
MAKE_FORESTER_FALSE='#'
MAKE_FORESTER_TRUE=''
MAKE_KINFOLD_FALSE='#'
MAKE_KINFOLD_TRUE=''
MAKE_RNALOCMIN_FALSE='#'
MAKE_RNALOCMIN_TRUE=''
MANIFEST_TOOL=':'
MKDIR_P='./config/install-sh -c -d'
MPFR_LIBS=''
NAVIEW_DIR='plotting/naview'
NM='/usr/bin/nm -B'
NMEDIT='nmedit'
OBJDUMP='objdump'
OBJEXT='o'
OPENMP_CFLAGS=''
OPENMP_CXXFLAGS=''
OTOOL64=':'
OTOOL='otool'
OUR_AR=''
OUR_NM=''
OUR_RANLIB=''
PACKAGE='ViennaRNA'
PACKAGE_BUGREPORT='rna@tbi.univie.ac.at'
PACKAGE_NAME='ViennaRNA'
PACKAGE_STRING='ViennaRNA 2.5.1'
PACKAGE_TARNAME='ViennaRNA'
PACKAGE_URL='https://www.tbi.univie.ac.at/RNA'
PACKAGE_VERSION='2.5.1'
PARAMETER_FILES='misc/dna_mathews1999.par misc/dna_mathews2004.par misc/rna_andronescu2007.par misc/rna_langdon2018.par misc/rna_misc_special_hairpins.par misc/rna_turner1999.par misc/rna_turner2004.par '
PARAMETER_FILES_HEX='misc/dna_mathews1999.hex misc/dna_mathews2004.hex misc/rna_andronescu2007.hex misc/rna_langdon2018.hex misc/rna_misc_special_hairpins.hex misc/rna_turner1999.hex misc/rna_turner2004.hex '
PATH_SEPARATOR=':'
PERL='/opt/homebrew/bin/perl'
PERL_ARCH_RELATIVE_INSTALL_DIR='/lib/perl5/site_perl/5.40/darwin-thread-multi-2level'
PERL_EXT_CPPFLAGS='-fno-common -DPERL_DARWIN -mmacosx-version-min=15.2 -DNO_THREAD_SAFE_QUERYLOCALE -DNO_POSIX_2008_LOCALE -fno-strict-aliasing -pipe -fstack-protector-strong'
PERL_EXT_INC='/opt/homebrew/opt/perl/lib/perl5/5.40/darwin-thread-multi-2level/CORE'
PERL_EXT_LDFLAGS='-mmacosx-version-min=15.2 -bundle -undefined dynamic_lookup -fstack-protector-strong'
PERL_EXT_LIB='/opt/homebrew/opt/perl/lib/perl5/site_perl/5.40/darwin-thread-multi-2level'
PERL_EXT_PREFIX='/opt/homebrew/opt/perl'
PERL_EXT_SITEARCH='/opt/homebrew/opt/perl/lib/perl5/site_perl/5.40/darwin-thread-multi-2level'
PERL_EXT_SITELIB='/opt/homebrew/opt/perl/lib/perl5/site_perl/5.40'
PERL_EXT_SITEPREFIX='/opt/homebrew/opt/perl'
PERL_EXT_VENDORARCH=''
PERL_EXT_VENDORLIB=''
PERL_EXT_VENDORPREFIX=''
PERL_INTERFACE='Perl'
PERL_LIB_RELATIVE_INSTALL_DIR='/lib/perl5/site_perl/5.40'
PERL_SO='.bundle'
PKGBUILD=''
PKGPYEXEC2DIR=''
PKGPYTHON2DIR=''
PKG_CONFIG='/opt/homebrew/bin/pkg-config'
PKG_CONFIG_LIBDIR=''
PKG_CONFIG_PATH=''
POW_LIB=''
PRODUCTBUILD=''
PS_TEMPLATE_CONST='
PS_TEMPLATE_FILES='postscript/structure_plot_macro_base.ps postscript/structure_plot_macro_extras.ps postscript/dot_plot_macro_base.ps postscript/dot_plot_macro_turn.ps postscript/dot_plot_macro_sd.ps postscript/dot_plot_macro_ud.ps postscript/dot_plot_macro_sc_motifs.ps postscript/dot_plot_macro_linear_data.ps postscript/aln_macro_base.ps '
PS_TEMPLATE_FILES_HEX='postscript/structure_plot_macro_base.hex postscript/structure_plot_macro_extras.hex postscript/dot_plot_macro_base.hex postscript/dot_plot_macro_turn.hex postscript/dot_plot_macro_sd.hex postscript/dot_plot_macro_ud.hex postscript/dot_plot_macro_sc_motifs.hex postscript/dot_plot_macro_linear_data.hex postscript/aln_macro_base.hex '
PTHREAD_CC='gcc'
PTHREAD_CFLAGS='-pthread'
PTHREAD_LIBS='-lpthread'
PYEXEC2DIR=''
PYTHON2='no'
PYTHON2DIR=''
PYTHON2_DIR=''
PYTHON2_EXECDIR=''
PYTHON2_INC=''
PYTHON2_INTERFACE=''
PYTHON2_LD=''
PYTHON2_LDFLAGS=''
PYTHON2_SO=''
PYTHON3='/opt/anaconda3/envs/gernabind/bin/python3'
PYTHON3_CACHE_OPT1_EXT='cpython-38.opt-1.pyc'
PYTHON3_CACHE_TAG='cpython-38'
PYTHON3_DIR='${prefix}/lib/python3.8/site-packages'
PYTHON3_EXECDIR='${exec_prefix}/lib/python3.8/site-packages'
PYTHON3_INC='/opt/anaconda3/envs/gernabind/include/python3.8'
PYTHON3_LD='gcc -bundle -undefined dynamic_lookup -L/opt/anaconda3/envs/gernabind/lib  -arch arm64 -L/opt/anaconda3/envs/gernabind/lib  -arch arm64'
PYTHON3_LDFLAGS='-bundle -undefined dynamic_lookup'
PYTHON3_SO='.cpython-38-darwin.so'
PYTHON_INTERFACE='Python'
RANLIB='ranlib'
REFDOC_PREDEF_FLOAT_PF=''
REFDOC_PREDEF_JSON='VRNA_WITH_JSON_SUPPORT'
REFDOC_PREDEF_SVM='VRNA_WITH_SVM'
REFERENCE_MANUAL_PDF_NAME='RNAlib-2.5.1.pdf'
REFERENCE_MANUAL_TAGFILE='RNAlib-2.5.1.tag'
RNA_CFLAGS='-fno-strict-aliasing -ftree-vectorize'
RNA_CPPFLAGS='-DVRNA_WITH_NAVIEW_LAYOUT'
RNA_CXXFLAGS='-fno-strict-aliasing'
RNA_LDFLAGS='-fno-strict-aliasing'
SED='/usr/bin/sed'
SET_MAKE=''
SHELL='/bin/sh'
SIMD_AVX512_FLAGS=''
SIMD_SSE41_FLAGS=''
STRIP='strip'
SVG_TEMPLATE_CONST='
SVG_TEMPLATE_FILES='svg/structure_plot_header.svg svg/structure_plot_footer.svg '
SVG_TEMPLATE_FILES_HEX='svg/structure_plot_header.hex svg/structure_plot_footer.hex '
SVM_LIBS='-lstdc++'
SWIG='/opt/homebrew/bin/swig'
SWIG_LIB='/opt/homebrew/Cellar/swig/4.3.0/share/swig/4.3.0'
TUTORIAL_CMD_HTLATEX=''
TUTORIAL_CMD_LATEX='/Library/TeX/texbin/pdflatex -interaction=nonstopmode -halt-on-error'
TUTORIAL_DOCDIR='RNA-Tutorial'
TUTORIAL_PDF_NAME='RNA-tutorial-2.5.1.pdf'
TUTORIAL_PROJECT_NAME='RNA-tutorial-2.5.1'
TUTORIAL_SRCDIR='.'
USER_AR=''
USER_NM=''
USER_RANLIB=''
VERSION='2.5.1'
VRNA_AM_SWITCH_BUILD_MANPAGES_FALSE=''
VRNA_AM_SWITCH_BUILD_MANPAGES_TRUE='#'
VRNA_AM_SWITCH_GSL_FALSE=''
VRNA_AM_SWITCH_GSL_TRUE='#'
VRNA_AM_SWITCH_HAS_GENGETOPT_FALSE=''
VRNA_AM_SWITCH_HAS_GENGETOPT_TRUE='#'
VRNA_AM_SWITCH_HAS_XXD_FALSE='#'
VRNA_AM_SWITCH_HAS_XXD_TRUE=''
VRNA_AM_SWITCH_JSON_FALSE='#'
VRNA_AM_SWITCH_JSON_TRUE=''
VRNA_AM_SWITCH_LTO_FALSE=''
VRNA_AM_SWITCH_LTO_TRUE='#'
VRNA_AM_SWITCH_MPFR_FALSE=''
VRNA_AM_SWITCH_MPFR_TRUE='#'
VRNA_AM_SWITCH_NAVIEW_FALSE='#'
VRNA_AM_SWITCH_NAVIEW_TRUE=''
VRNA_AM_SWITCH_PTHREADS_FALSE='#'
VRNA_AM_SWITCH_PTHREADS_TRUE=''
VRNA_AM_SWITCH_SIMD_AVX512_FALSE=''
VRNA_AM_SWITCH_SIMD_AVX512_TRUE='#'
VRNA_AM_SWITCH_SIMD_SSE41_FALSE=''
VRNA_AM_SWITCH_SIMD_SSE41_TRUE='#'
VRNA_AM_SWITCH_STATIC_EXECUTABLES_FALSE=''
VRNA_AM_SWITCH_STATIC_EXECUTABLES_TRUE='#'
VRNA_AM_SWITCH_SVM_FALSE='#'
VRNA_AM_SWITCH_SVM_TRUE=''
VRNA_CFLAGS=' -I$(top_srcdir)/../../src/ViennaRNA -I$(top_srcdir)/../../src -DVRNA_WITH_NAVIEW_LAYOUT'
VRNA_LIBS=' -fno-strict-aliasing -L$(top_builddir)/../../src/ViennaRNA -lRNA   -lpthread  -lstdc++'
VRNA_VERSION_MAJOR='2'
VRNA_VERSION_MINOR='5'
VRNA_VERSION_PATCH='1'
WITH_CHECK_FALSE=''
WITH_CHECK_TRUE='#'
WITH_CLA_BUILD_FALSE='#'
WITH_CLA_BUILD_TRUE=''
WITH_CLA_FALSE='#'
WITH_CLA_PDF_FALSE='#'
WITH_CLA_PDF_TRUE=''
WITH_CLA_TRUE=''
WITH_EXECUTABLE_TESTS_FALSE='#'
WITH_EXECUTABLE_TESTS_TRUE=''
WITH_MACOSX_INSTALLER_FALSE=''
WITH_MACOSX_INSTALLER_TRUE='#'
WITH_PERL_TESTS_FALSE='#'
WITH_PERL_TESTS_TRUE=''
WITH_PYTHON2_TESTS_FALSE=''
WITH_PYTHON2_TESTS_TRUE='#'
WITH_PYTHON_TESTS_FALSE='#'
WITH_PYTHON_TESTS_TRUE=''
WITH_REFERENCE_MANUAL_BUILD_FALSE=''
WITH_REFERENCE_MANUAL_BUILD_TRUE='#'
WITH_REFERENCE_MANUAL_FALSE='#'
WITH_REFERENCE_MANUAL_HTML_FALSE='#'
WITH_REFERENCE_MANUAL_HTML_TRUE=''
WITH_REFERENCE_MANUAL_PDF_FALSE='#'
WITH_REFERENCE_MANUAL_PDF_TRUE=''
WITH_REFERENCE_MANUAL_TRUE=''
WITH_TUTORIAL_BUILD_FALSE='#'
WITH_TUTORIAL_BUILD_TRUE=''
WITH_TUTORIAL_FALSE='#'
WITH_TUTORIAL_HTML_FALSE=''
WITH_TUTORIAL_HTML_TRUE='#'
WITH_TUTORIAL_PDF_FALSE='#'
WITH_TUTORIAL_PDF_TRUE=''
WITH_TUTORIAL_TRUE=''
WITH_UNIT_TESTS_FALSE='#'
WITH_UNIT_TESTS_TRUE=''
XXD='/usr/bin/xxd'
ac_ct_AR='ar'
ac_ct_CC='gcc'
ac_ct_CXX='g++'
ac_ct_DUMPBIN=''
am__EXEEXT_FALSE=''
am__EXEEXT_TRUE='#'
am__fastdepCC_FALSE='#'
am__fastdepCC_TRUE=''
am__fastdepCXX_FALSE='#'
am__fastdepCXX_TRUE=''
am__include='include'
am__isrc=''
am__leading_dot='.'
am__nodep='_no'
am__quote=''
am__tar='tar --format=ustar -chf - "$$tardir"'
am__untar='tar -xf -'
ax_pthread_config=''
bibtex='/Library/TeX/texbin/bibtex'
bindir='${exec_prefix}/bin'
build='aarch64-apple-darwin24.0.0'
build_alias=''
build_cpu='aarch64'
build_os='darwin24.0.0'
build_vendor='apple'
datadir='${datarootdir}'
datarootdir='${prefix}/share'
docdir='${datarootdir}/doc/${PACKAGE_TARNAME}'
dot='no'
doxygen='no'
dvidir='${docdir}'
egrep='/usr/bin/egrep'
exec_prefix='${prefix}'
host='aarch64-apple-darwin24.0.0'
host_alias=''
host_cpu='aarch64'
host_os='darwin24.0.0'
host_vendor='apple'
htlatex='/Library/TeX/texbin/htlatex'
htmldir='${datarootdir}/doc/${PACKAGE_TARNAME}/html'
includedir='${prefix}/include'
infodir='${datarootdir}/info'
install_sh='${SHELL} /Users/wissam/swapping_experiments/GerNA-Bind/ViennaRNA-2.5.1/config/install-sh'
libdir='${exec_prefix}/lib'
libexecdir='${exec_prefix}/libexec'
localedir='${datarootdir}/locale'
localstatedir='${prefix}/var'
makeindex='/Library/TeX/texbin/makeindex'
mandir='${datarootdir}/man'
mkdir_p='$(MKDIR_P)'
oldincludedir='/usr/include'
pdfdir='${docdir}'
pdflatex='/Library/TeX/texbin/pdflatex'
perl='/opt/homebrew/bin/perl'
prefix='/usr/local'
program_transform_name='s,x,x,'
psdir='${docdir}'
py2execdir=''
py3execdir='${exec_prefix}/lib/python3.8/site-packages'
python2dir=''
python3dir='${prefix}/lib/python3.8/site-packages'
runstatedir='${localstatedir}/run'
sbindir='${exec_prefix}/sbin'
sharedstatedir='${prefix}/com'
static const char SVG_structure_plot_footer[] = {
static const char SVG_structure_plot_header[] = {
static const unsigned char PS_aln_macro_base[] = {
static const unsigned char PS_dot_plot_macro_base[] = {
static const unsigned char PS_dot_plot_macro_linear_data[] = {
static const unsigned char PS_dot_plot_macro_sc_motifs[] = {
static const unsigned char PS_dot_plot_macro_sd[] = {
static const unsigned char PS_dot_plot_macro_turn[] = {
static const unsigned char PS_dot_plot_macro_ud[] = {
static const unsigned char PS_structure_plot_macro_base[] = {
static const unsigned char PS_structure_plot_macro_extras[] = {
static const unsigned char parameter_set_dna_mathews1999[] = {
static const unsigned char parameter_set_dna_mathews2004[] = {
static const unsigned char parameter_set_rna_andronescu2007[] = {
static const unsigned char parameter_set_rna_langdon2018[] = {
static const unsigned char parameter_set_rna_misc_special_hairpins[] = {
static const unsigned char parameter_set_rna_turner1999[] = {
static const unsigned char parameter_set_rna_turner2004[] = {
subdirs=' src/Kinfold src/RNAforester src/RNAlocmin'
sysconfdir='${prefix}/etc'
target_alias=''
};
};
};
};
};
};
};
};
};
};
};
};
};
};
};
};
};
};

## ----------- ##
## confdefs.h. ##
## ----------- ##

/* confdefs.h */
#define PACKAGE_NAME "ViennaRNA"
#define PACKAGE_TARNAME "ViennaRNA"
#define PACKAGE_VERSION "2.5.1"
#define PACKAGE_STRING "ViennaRNA 2.5.1"
#define PACKAGE_BUGREPORT "rna@tbi.univie.ac.at"
#define PACKAGE_URL "https://www.tbi.univie.ac.at/RNA"
#define HAVE_STDIO_H 1
#define HAVE_STDLIB_H 1
#define HAVE_STRING_H 1
#define HAVE_INTTYPES_H 1
#define HAVE_STDINT_H 1
#define HAVE_STRINGS_H 1
#define HAVE_SYS_STAT_H 1
#define HAVE_SYS_TYPES_H 1
#define HAVE_UNISTD_H 1
#define HAVE_WCHAR_H 1
#define STDC_HEADERS 1
#define _ALL_SOURCE 1
#define _DARWIN_C_SOURCE 1
#define _GNU_SOURCE 1
#define _HPUX_ALT_XOPEN_SOCKET_API 1
#define _NETBSD_SOURCE 1
#define _OPENBSD_SOURCE 1
#define _POSIX_PTHREAD_SEMANTICS 1
#define __STDC_WANT_IEC_60559_ATTRIBS_EXT__ 1
#define __STDC_WANT_IEC_60559_BFP_EXT__ 1
#define __STDC_WANT_IEC_60559_DFP_EXT__ 1
#define __STDC_WANT_IEC_60559_FUNCS_EXT__ 1
#define __STDC_WANT_IEC_60559_TYPES_EXT__ 1
#define __STDC_WANT_LIB_EXT2__ 1
#define __STDC_WANT_MATH_SPEC_FUNCS__ 1
#define _TANDEM_SOURCE 1
#define __EXTENSIONS__ 1
#define PACKAGE "ViennaRNA"
#define VERSION "2.5.1"
#define UNUSED __attribute__ ((unused))
#define HAVE_DLFCN_H 1
#define LT_OBJDIR ".libs/"
#define HAVE_LIBM 1
#define HAVE__BOOL 1
#define HAVE_STDBOOL_H 1
#define HAVE_FLOAT_H 1
#define HAVE_LIMITS_H 1
#define HAVE_STDLIB_H 1
#define HAVE_STRING_H 1
#define HAVE_STRINGS_H 1
#define HAVE_UNISTD_H 1
#define HAVE_MATH_H 1
#define HAVE_STDARG_H 1
#define HAVE_MALLOC 1
#define HAVE_REALLOC 1
#define HAVE_FLOOR 1
#define HAVE_STRDUP 1
#define HAVE_STRSTR 1
#define HAVE_STRCHR 1
#define HAVE_STRRCHR 1
#define HAVE_STRSTR 1
#define HAVE_STRTOL 1
#define HAVE_STRTOUL 1
#define HAVE_POW 1
#define HAVE_RINT 1
#define HAVE_SQRT 1
#define HAVE_ERAND48 1
#define HAVE_MEMSET 1
#define HAVE_MEMMOVE 1
#define HAVE_ERAND48 1
#define HAVE_ASPRINTF 1
#define HAVE_VASPRINTF 1
#define VRNA_WITH_SVM 1
#define VRNA_WITH_JSON_SUPPORT 1
#define HAVE_PTHREAD_PRIO_INHERIT 1
#define VRNA_WITH_PTHREADS 1
#define VRNA_WITH_NAVIEW_LAYOUT 1
#define WITH_PERL_INTERFACE 1
#define WITH_PYTHON_INTERFACE 1
#define HAVE_CXX11 1

configure: exit 0
